10:40:59.353 [main] INFO lambda.demo.DemoStreamLambdaHandler - start with profile: profileA
10:40:59.875 [main] INFO com.amazonaws.serverless.proxy.internal.LambdaContainerHandler - Starting Lambda Container Handler
10:41:00.167 [main] INFO com.amazonaws.serverless.proxy.internal.servlet.AwsServletContext - 1 Spring WebApplicationInitializers detected on classpath

. ____ _ __ _ _
/\\ / ___'_ __ _ _(_)_ __ __ _ \ \ \ \
( ( )\___ | '_ | '_| | '_ \/ _` | \ \ \ \
\\/ ___)| |_)| | | | | || (_| | ) ) ) )
' |____| .__|_| |_|_| |_\__, | / / / /
=========|_|==============|___/=/_/_/_/
:: Spring Boot :: (v2.0.6.RELEASE)

2019-02-21 10:41:02.003 INFO 1 --- [ main] lambda.demo.DemoApp : Starting DemoApp on ip-10-129-247-240.ap-southeast-1.compute.internal with PID 1 (/var/task started by sbx_user1064 in /)
2019-02-21 10:41:02.012 INFO 1 --- [ main] lambda.demo.DemoApp : The following profiles are active: profileA
2019-02-21 10:41:02.049 INFO 1 --- [ main] ConfigServletWebServerApplicationContext : Refreshing org.springframework.boot.web.servlet.context.AnnotationConfigServletWebServerApplicationContext@312aa7c: startup date [Thu Feb 21 10:41:02 UTC 2019]; root of context hierarchy
2019-02-21 10:41:04.295 INFO 1 --- [ main] c.a.s.p.i.servlet.AwsServletContext : Initializing Spring embedded WebApplicationContext
2019-02-21 10:41:04.295 INFO 1 --- [ main] o.s.web.context.ContextLoader : Root WebApplicationContext: initialization completed in 2248 ms
2019-02-21 10:41:05.096 INFO 1 --- [ main] o.s.b.w.servlet.ServletRegistrationBean : Servlet dispatcherServlet mapped to [/]
2019-02-21 10:41:05.097 INFO 1 --- [ main] c.a.s.p.i.servlet.AwsServletContext : Initializing Spring FrameworkServlet 'dispatcherServlet'
2019-02-21 10:41:05.098 INFO 1 --- [ main] o.s.web.servlet.DispatcherServlet : FrameworkServlet 'dispatcherServlet': initialization started
2019-02-21 10:41:05.253 INFO 1 --- [ main] o.s.w.s.handler.SimpleUrlHandlerMapping : Mapped URL path [/**/favicon.ico] onto handler of type [class org.springframework.web.servlet.resource.ResourceHttpRequestHandler]
2019-02-21 10:41:05.692 INFO 1 --- [ main] s.w.s.m.m.a.RequestMappingHandlerMapping : Mapped "{[/demo/c],methods=[GET]}" onto public java.lang.String lambda.demo.controller.DemoController.c()
2019-02-21 10:41:05.694 INFO 1 --- [ main] s.w.s.m.m.a.RequestMappingHandlerMapping : Mapped "{[/demo/i],methods=[GET]}" onto public java.lang.String lambda.demo.controller.DemoController.i()
2019-02-21 10:41:05.695 INFO 1 --- [ main] s.w.s.m.m.a.RequestMappingHandlerMapping : Mapped "{[/demo/j],methods=[GET]}" onto public java.lang.String lambda.demo.controller.DemoController.j()
2019-02-21 10:41:05.695 INFO 1 --- [ main] s.w.s.m.m.a.RequestMappingHandlerMapping : Mapped "{[/demo/n],methods=[GET]}" onto public java.lang.String lambda.demo.controller.DemoController.n()
2019-02-21 10:41:05.696 INFO 1 --- [ main] s.w.s.m.m.a.RequestMappingHandlerMapping : Mapped "{[/demo/v],methods=[GET]}" onto public java.lang.String lambda.demo.controller.DemoController.v()
2019-02-21 10:41:05.696 INFO 1 --- [ main] s.w.s.m.m.a.RequestMappingHandlerMapping : Mapped "{[/demo/k],methods=[GET]}" onto public java.lang.String lambda.demo.controller.DemoController.k()
2019-02-21 10:41:05.697 INFO 1 --- [ main] s.w.s.m.m.a.RequestMappingHandlerMapping : Mapped "{[/demo/h],methods=[GET]}" onto public java.lang.String lambda.demo.controller.DemoController.h()
2019-02-21 10:41:05.698 INFO 1 --- [ main] s.w.s.m.m.a.RequestMappingHandlerMapping : Mapped "{[/demo/s],methods=[GET]}" onto public java.lang.String lambda.demo.controller.DemoController.s()
2019-02-21 10:41:05.712 INFO 1 --- [ main] s.w.s.m.m.a.RequestMappingHandlerMapping : Mapped "{[/demo/x],methods=[GET]}" onto public java.lang.String lambda.demo.controller.DemoController.x()
2019-02-21 10:41:05.713 INFO 1 --- [ main] s.w.s.m.m.a.RequestMappingHandlerMapping : Mapped "{[/demo/l],methods=[GET]}" onto public java.lang.String lambda.demo.controller.DemoController.l()
2019-02-21 10:41:05.713 INFO 1 --- [ main] s.w.s.m.m.a.RequestMappingHandlerMapping : Mapped "{[/demo/b],methods=[GET]}" onto public java.lang.String lambda.demo.controller.DemoController.b()
2019-02-21 10:41:05.714 INFO 1 --- [ main] s.w.s.m.m.a.RequestMappingHandlerMapping : Mapped "{[/demo/f],methods=[GET]}" onto public java.lang.String lambda.demo.controller.DemoController.f()
2019-02-21 10:41:05.715 INFO 1 --- [ main] s.w.s.m.m.a.RequestMappingHandlerMapping : Mapped "{[/demo/d],methods=[GET]}" onto public java.lang.String lambda.demo.controller.DemoController.d()
2019-02-21 10:41:05.715 INFO 1 --- [ main] s.w.s.m.m.a.RequestMappingHandlerMapping : Mapped "{[/demo/e],methods=[GET]}" onto public java.lang.String lambda.demo.controller.DemoController.e()
2019-02-21 10:41:05.716 INFO 1 --- [ main] s.w.s.m.m.a.RequestMappingHandlerMapping : Mapped "{[/demo/m],methods=[GET]}" onto public java.lang.String lambda.demo.controller.DemoController.m()
2019-02-21 10:41:05.717 INFO 1 --- [ main] s.w.s.m.m.a.RequestMappingHandlerMapping : Mapped "{[/demo/o],methods=[GET]}" onto public java.lang.String lambda.demo.controller.DemoController.o()
2019-02-21 10:41:05.732 INFO 1 --- [ main] s.w.s.m.m.a.RequestMappingHandlerMapping : Mapped "{[/demo/t],methods=[GET]}" onto public java.lang.String lambda.demo.controller.DemoController.t()
2019-02-21 10:41:05.732 INFO 1 --- [ main] s.w.s.m.m.a.RequestMappingHandlerMapping : Mapped "{[/demo/g],methods=[GET]}" onto public java.lang.String lambda.demo.controller.DemoController.g()
2019-02-21 10:41:05.733 INFO 1 --- [ main] s.w.s.m.m.a.RequestMappingHandlerMapping : Mapped "{[/demo/p],methods=[GET]}" onto public java.lang.String lambda.demo.controller.DemoController.p()
2019-02-21 10:41:05.733 INFO 1 --- [ main] s.w.s.m.m.a.RequestMappingHandlerMapping : Mapped "{[/demo/a],methods=[GET]}" onto public java.lang.String lambda.demo.controller.DemoController.a()
2019-02-21 10:41:05.733 INFO 1 --- [ main] s.w.s.m.m.a.RequestMappingHandlerMapping : Mapped "{[/demo/r],methods=[GET]}" onto public java.lang.String lambda.demo.controller.DemoController.r()
2019-02-21 10:41:05.734 INFO 1 --- [ main] s.w.s.m.m.a.RequestMappingHandlerMapping : Mapped "{[/demo/q],methods=[GET]}" onto public java.lang.String lambda.demo.controller.DemoController.q()
2019-02-21 10:41:05.734 INFO 1 --- [ main] s.w.s.m.m.a.RequestMappingHandlerMapping : Mapped "{[/demo/z],methods=[GET]}" onto public java.lang.String lambda.demo.controller.DemoController.z()
2019-02-21 10:41:05.735 INFO 1 --- [ main] s.w.s.m.m.a.RequestMappingHandlerMapping : Mapped "{[/demo/w],methods=[GET]}" onto public java.lang.String lambda.demo.controller.DemoController.w()
2019-02-21 10:41:05.736 INFO 1 --- [ main] s.w.s.m.m.a.RequestMappingHandlerMapping : Mapped "{[/demo/y],methods=[GET]}" onto public java.lang.String lambda.demo.controller.DemoController.y()
2019-02-21 10:41:05.736 INFO 1 --- [ main] s.w.s.m.m.a.RequestMappingHandlerMapping : Mapped "{[/demo/u],methods=[GET]}" onto public java.lang.String lambda.demo.controller.DemoController.u()
2019-02-21 10:41:05.752 INFO 1 --- [ main] s.w.s.m.m.a.RequestMappingHandlerMapping : Mapped "{[/error]}" onto public org.springframework.http.ResponseEntity<java.util.Map<java.lang.String, java.lang.Object>> org.springframework.boot.autoconfigure.web.servlet.error.BasicErrorController.error(javax.servlet.http.HttpServletRequest)
2019-02-21 10:41:05.753 INFO 1 --- [ main] s.w.s.m.m.a.RequestMappingHandlerMapping : Mapped "{[/error],produces=[text/html]}" onto public org.springframework.web.servlet.ModelAndView org.springframework.boot.autoconfigure.web.servlet.error.BasicErrorController.errorHtml(javax.servlet.http.HttpServletRequest,javax.servlet.http.HttpServletResponse)
2019-02-21 10:41:06.033 INFO 1 --- [ main] o.s.w.s.handler.SimpleUrlHandlerMapping : Mapped URL path [/webjars/**] onto handler of type [class org.springframework.web.servlet.resource.ResourceHttpRequestHandler]
2019-02-21 10:41:06.034 INFO 1 --- [ main] o.s.w.s.handler.SimpleUrlHandlerMapping : Mapped URL path [/**] onto handler of type [class org.springframework.web.servlet.resource.ResourceHttpRequestHandler]
2019-02-21 10:41:06.612 INFO 1 --- [ main] s.w.s.m.m.a.RequestMappingHandlerAdapter : Looking for @ControllerAdvice: org.springframework.boot.web.servlet.context.AnnotationConfigServletWebServerApplicationContext@312aa7c: startup date [Thu Feb 21 10:41:02 UTC 2019]; root of context hierarchy
2019-02-21 10:41:06.974 INFO 1 --- [ main] o.s.web.servlet.DispatcherServlet : FrameworkServlet 'dispatcherServlet': initialization completed in 1876 ms
2019-02-21 10:41:06.994 INFO 1 --- [ main] o.s.b.w.servlet.FilterRegistrationBean : Mapping filter: 'characterEncodingFilter' to: [/*]
2019-02-21 10:41:06.994 INFO 1 --- [ main] o.s.b.w.servlet.FilterRegistrationBean : Mapping filter: 'errorPageFilter' to: [/*]
2019-02-21 10:41:06.994 INFO 1 --- [ main] o.s.b.w.servlet.FilterRegistrationBean : Mapping filter: 'hiddenHttpMethodFilter' to: [/*]
2019-02-21 10:41:06.995 INFO 1 --- [ main] o.s.b.w.servlet.FilterRegistrationBean : Mapping filter: 'httpPutFormContentFilter' to: [/*]
2019-02-21 10:41:06.995 INFO 1 --- [ main] o.s.b.w.servlet.FilterRegistrationBean : Mapping filter: 'requestContextFilter' to: [/*]
2019-02-21 10:41:08.959 INFO 1 --- [ main] o.s.j.e.a.AnnotationMBeanExporter : Registering beans for JMX exposure on startup
START RequestId: 13c18338-feb4-4ad0-97d4-c5f2640213f9 Version: $LATEST
10:41:09.736 [main] INFO lambda.demo.DemoStreamLambdaHandler - start with profile: profileA
10:41:10.496 [main] INFO com.amazonaws.serverless.proxy.internal.LambdaContainerHandler - Starting Lambda Container Handler
10:41:10.952 [main] INFO com.amazonaws.serverless.proxy.internal.servlet.AwsServletContext - 1 Spring WebApplicationInitializers detected on classpath

. ____ _ __ _ _
/\\ / ___'_ __ _ _(_)_ __ __ _ \ \ \ \
( ( )\___ | '_ | '_| | '_ \/ _` | \ \ \ \
\\/ ___)| |_)| | | | | || (_| | ) ) ) )
' |____| .__|_| |_|_| |_\__, | / / / /
=========|_|==============|___/=/_/_/_/
:: Spring Boot :: (v2.0.6.RELEASE)

2019-02-21 10:41:13.452 INFO 1 --- [ main] lambda.demo.DemoApp : Starting DemoApp on ip-10-129-247-240.ap-southeast-1.compute.internal with PID 1 (/var/task started by sbx_user1064 in /)
2019-02-21 10:41:13.453 INFO 1 --- [ main] lambda.demo.DemoApp : The following profiles are active: profileA
2019-02-21 10:41:13.653 INFO 1 --- [ main] ConfigServletWebServerApplicationContext : Refreshing org.springframework.boot.web.servlet.context.AnnotationConfigServletWebServerApplicationContext@7d9d0818: startup date [Thu Feb 21 10:41:13 UTC 2019]; root of context hierarchy
2019-02-21 10:41:17.017 INFO 1 --- [ main] c.a.s.p.i.servlet.AwsServletContext : Initializing Spring embedded WebApplicationContext
2019-02-21 10:41:17.018 INFO 1 --- [ main] o.s.web.context.ContextLoader : Root WebApplicationContext: initialization completed in 3384 ms
2019-02-21 10:41:18.353 INFO 1 --- [ main] o.s.b.w.servlet.ServletRegistrationBean : Servlet dispatcherServlet mapped to [/]
2019-02-21 10:41:18.355 INFO 1 --- [ main] c.a.s.p.i.servlet.AwsServletContext : Initializing Spring FrameworkServlet 'dispatcherServlet'
2019-02-21 10:41:18.372 INFO 1 --- [ main] o.s.web.servlet.DispatcherServlet : FrameworkServlet 'dispatcherServlet': initialization started
2019-02-21 10:41:18.632 INFO 1 --- [ main] o.s.w.s.handler.SimpleUrlHandlerMapping : Mapped URL path [/**/favicon.ico] onto handler of type [class org.springframework.web.servlet.resource.ResourceHttpRequestHandler]
2019-02-21 10:41:19.054 INFO 1 --- [ main] s.w.s.m.m.a.RequestMappingHandlerMapping : Mapped "{[/demo/c],methods=[GET]}" onto public java.lang.String lambda.demo.controller.DemoController.c()
2019-02-21 10:41:19.055 INFO 1 --- [ main] s.w.s.m.m.a.RequestMappingHandlerMapping : Mapped "{[/demo/i],methods=[GET]}" onto public java.lang.String lambda.demo.controller.DemoController.i()
2019-02-21 10:41:19.056 INFO 1 --- [ main] s.w.s.m.m.a.RequestMappingHandlerMapping : Mapped "{[/demo/j],methods=[GET]}" onto public java.lang.String lambda.demo.controller.DemoController.j()
2019-02-21 10:41:19.056 INFO 1 --- [ main] s.w.s.m.m.a.RequestMappingHandlerMapping : Mapped "{[/demo/n],methods=[GET]}" onto public java.lang.String lambda.demo.controller.DemoController.n()
2019-02-21 10:41:19.056 INFO 1 --- [ main] s.w.s.m.m.a.RequestMappingHandlerMapping : Mapped "{[/demo/v],methods=[GET]}" onto public java.lang.String lambda.demo.controller.DemoController.v()
2019-02-21 10:41:19.057 INFO 1 --- [ main] s.w.s.m.m.a.RequestMappingHandlerMapping : Mapped "{[/demo/k],methods=[GET]}" onto public java.lang.String lambda.demo.controller.DemoController.k()
2019-02-21 10:41:19.057 INFO 1 --- [ main] s.w.s.m.m.a.RequestMappingHandlerMapping : Mapped "{[/demo/h],methods=[GET]}" onto public java.lang.String lambda.demo.controller.DemoController.h()
2019-02-21 10:41:19.057 INFO 1 --- [ main] s.w.s.m.m.a.RequestMappingHandlerMapping : Mapped "{[/demo/s],methods=[GET]}" onto public java.lang.String lambda.demo.controller.DemoController.s()
2019-02-21 10:41:19.058 INFO 1 --- [ main] s.w.s.m.m.a.RequestMappingHandlerMapping : Mapped "{[/demo/x],methods=[GET]}" onto public java.lang.String lambda.demo.controller.DemoController.x()
2019-02-21 10:41:19.058 INFO 1 --- [ main] s.w.s.m.m.a.RequestMappingHandlerMapping : Mapped "{[/demo/l],methods=[GET]}" onto public java.lang.String lambda.demo.controller.DemoController.l()
2019-02-21 10:41:19.059 INFO 1 --- [ main] s.w.s.m.m.a.RequestMappingHandlerMapping : Mapped "{[/demo/b],methods=[GET]}" onto public java.lang.String lambda.demo.controller.DemoController.b()
2019-02-21 10:41:19.059 INFO 1 --- [ main] s.w.s.m.m.a.RequestMappingHandlerMapping : Mapped "{[/demo/f],methods=[GET]}" onto public java.lang.String lambda.demo.controller.DemoController.f()
2019-02-21 10:41:19.059 INFO 1 --- [ main] s.w.s.m.m.a.RequestMappingHandlerMapping : Mapped "{[/demo/d],methods=[GET]}" onto public java.lang.String lambda.demo.controller.DemoController.d()
2019-02-21 10:41:19.072 INFO 1 --- [ main] s.w.s.m.m.a.RequestMappingHandlerMapping : Mapped "{[/demo/e],methods=[GET]}" onto public java.lang.String lambda.demo.controller.DemoController.e()
2019-02-21 10:41:19.072 INFO 1 --- [ main] s.w.s.m.m.a.RequestMappingHandlerMapping : Mapped "{[/demo/m],methods=[GET]}" onto public java.lang.String lambda.demo.controller.DemoController.m()
2019-02-21 10:41:19.072 INFO 1 --- [ main] s.w.s.m.m.a.RequestMappingHandlerMapping : Mapped "{[/demo/o],methods=[GET]}" onto public java.lang.String lambda.demo.controller.DemoController.o()
2019-02-21 10:41:19.073 INFO 1 --- [ main] s.w.s.m.m.a.RequestMappingHandlerMapping : Mapped "{[/demo/t],methods=[GET]}" onto public java.lang.String lambda.demo.controller.DemoController.t()
2019-02-21 10:41:19.073 INFO 1 --- [ main] s.w.s.m.m.a.RequestMappingHandlerMapping : Mapped "{[/demo/g],methods=[GET]}" onto public java.lang.String lambda.demo.controller.DemoController.g()
2019-02-21 10:41:19.074 INFO 1 --- [ main] s.w.s.m.m.a.RequestMappingHandlerMapping : Mapped "{[/demo/p],methods=[GET]}" onto public java.lang.String lambda.demo.controller.DemoController.p()
2019-02-21 10:41:19.074 INFO 1 --- [ main] s.w.s.m.m.a.RequestMappingHandlerMapping : Mapped "{[/demo/a],methods=[GET]}" onto public java.lang.String lambda.demo.controller.DemoController.a()
2019-02-21 10:41:19.074 INFO 1 --- [ main] s.w.s.m.m.a.RequestMappingHandlerMapping : Mapped "{[/demo/r],methods=[GET]}" onto public java.lang.String lambda.demo.controller.DemoController.r()
2019-02-21 10:41:19.075 INFO 1 --- [ main] s.w.s.m.m.a.RequestMappingHandlerMapping : Mapped "{[/demo/q],methods=[GET]}" onto public java.lang.String lambda.demo.controller.DemoController.q()
2019-02-21 10:41:19.075 INFO 1 --- [ main] s.w.s.m.m.a.RequestMappingHandlerMapping : Mapped "{[/demo/z],methods=[GET]}" onto public java.lang.String lambda.demo.controller.DemoController.z()
2019-02-21 10:41:19.075 INFO 1 --- [ main] s.w.s.m.m.a.RequestMappingHandlerMapping : Mapped "{[/demo/w],methods=[GET]}" onto public java.lang.String lambda.demo.controller.DemoController.w()
2019-02-21 10:41:19.092 INFO 1 --- [ main] s.w.s.m.m.a.RequestMappingHandlerMapping : Mapped "{[/demo/y],methods=[GET]}" onto public java.lang.String lambda.demo.controller.DemoController.y()
2019-02-21 10:41:19.093 INFO 1 --- [ main] s.w.s.m.m.a.RequestMappingHandlerMapping : Mapped "{[/demo/u],methods=[GET]}" onto public java.lang.String lambda.demo.controller.DemoController.u()
2019-02-21 10:41:19.116 INFO 1 --- [ main] s.w.s.m.m.a.RequestMappingHandlerMapping : Mapped "{[/error]}" onto public org.springframework.http.ResponseEntity<java.util.Map<java.lang.String, java.lang.Object>> org.springframework.boot.autoconfigure.web.servlet.error.BasicErrorController.error(javax.servlet.http.HttpServletRequest)
2019-02-21 10:41:19.117 INFO 1 --- [ main] s.w.s.m.m.a.RequestMappingHandlerMapping : Mapped "{[/error],produces=[text/html]}" onto public org.springframework.web.servlet.ModelAndView org.springframework.boot.autoconfigure.web.servlet.error.BasicErrorController.errorHtml(javax.servlet.http.HttpServletRequest,javax.servlet.http.HttpServletResponse)
2019-02-21 10:41:19.395 INFO 1 --- [ main] o.s.w.s.handler.SimpleUrlHandlerMapping : Mapped URL path [/webjars/**] onto handler of type [class org.springframework.web.servlet.resource.ResourceHttpRequestHandler]
2019-02-21 10:41:19.395 INFO 1 --- [ main] o.s.w.s.handler.SimpleUrlHandlerMapping : Mapped URL path [/**] onto handler of type [class org.springframework.web.servlet.resource.ResourceHttpRequestHandler]
2019-02-21 10:41:20.497 INFO 1 --- [ main] s.w.s.m.m.a.RequestMappingHandlerAdapter : Looking for @ControllerAdvice: org.springframework.boot.web.servlet.context.AnnotationConfigServletWebServerApplicationContext@7d9d0818: startup date [Thu Feb 21 10:41:13 UTC 2019]; root of context hierarchy
2019-02-21 10:41:20.916 INFO 1 --- [ main] o.s.web.servlet.DispatcherServlet : FrameworkServlet 'dispatcherServlet': initialization completed in 2544 ms
2019-02-21 10:41:20.918 INFO 1 --- [ main] o.s.b.w.servlet.FilterRegistrationBean : Mapping filter: 'characterEncodingFilter' to: [/*]
2019-02-21 10:41:20.919 INFO 1 --- [ main] o.s.b.w.servlet.FilterRegistrationBean : Mapping filter: 'errorPageFilter' to: [/*]
2019-02-21 10:41:20.919 INFO 1 --- [ main] o.s.b.w.servlet.FilterRegistrationBean : Mapping filter: 'hiddenHttpMethodFilter' to: [/*]
2019-02-21 10:41:20.919 INFO 1 --- [ main] o.s.b.w.servlet.FilterRegistrationBean : Mapping filter: 'httpPutFormContentFilter' to: [/*]
2019-02-21 10:41:20.919 INFO 1 --- [ main] o.s.b.w.servlet.FilterRegistrationBean : Mapping filter: 'requestContextFilter' to: [/*]
2019-02-21 10:41:23.299 INFO 1 --- [ main] o.s.j.e.a.AnnotationMBeanExporter : Registering beans for JMX exposure on startup
2019-02-21 10:41:23.518 INFO 1 --- [ main] lambda.demo.DemoApp : Started DemoApp in 11.942 seconds (JVM running for 14.422)
2019-02-21 10:41:23.659 ERROR 1 --- [ main] c.a.s.p.i.s.AwsProxyHttpServletRequest : Called set character encoding to UTF-8 on a request without a content type. Character encoding will not be set
2019-02-21 10:41:23.993 INFO 1 --- [ main] c.a.s.p.internal.LambdaContainerHandler : 118.201.58.126 - [21/02/2019:10:40:58Z] "GET /demo/a HTTP/1.1" 200 5 "-" "Amazon CloudFront" combined
END RequestId: 13c18338-feb4-4ad0-97d4-c5f2640213f9
REPORT RequestId: 13c18338-feb4-4ad0-97d4-c5f2640213f9	Duration: 14681.94 ms	Billed Duration: 14700 ms Memory Size: 1024 MB	Max Memory Used: 151 MB	