10:43:53.624 [main] INFO lambda.demo.DemoStreamLambdaHandler - start with profile: profileA
10:43:54.223 [main] INFO com.amazonaws.serverless.proxy.internal.LambdaContainerHandler - Starting Lambda Container Handler
10:43:54.594 [main] INFO com.amazonaws.serverless.proxy.internal.servlet.AwsServletContext - 1 Spring WebApplicationInitializers detected on classpath

. ____ _ __ _ _
/\\ / ___'_ __ _ _(_)_ __ __ _ \ \ \ \
( ( )\___ | '_ | '_| | '_ \/ _` | \ \ \ \
\\/ ___)| |_)| | | | | || (_| | ) ) ) )
' |____| .__|_| |_|_| |_\__, | / / / /
=========|_|==============|___/=/_/_/_/
:: Spring Boot :: (v2.0.6.RELEASE)

2019-02-21 10:43:56.633 INFO 1 --- [ main] lambda.demo.DemoApp : Starting DemoApp on ip-10-128-49-122.ap-southeast-1.compute.internal with PID 1 (/var/task started by sbx_user1080 in /)
2019-02-21 10:43:56.634 INFO 1 --- [ main] lambda.demo.DemoApp : The following profiles are active: profileA
2019-02-21 10:43:56.689 INFO 1 --- [ main] ConfigServletWebServerApplicationContext : Refreshing org.springframework.boot.web.servlet.context.AnnotationConfigServletWebServerApplicationContext@1033576a: startup date [Thu Feb 21 10:43:56 UTC 2019]; root of context hierarchy
2019-02-21 10:43:59.203 INFO 1 --- [ main] c.a.s.p.i.servlet.AwsServletContext : Initializing Spring embedded WebApplicationContext
2019-02-21 10:43:59.204 INFO 1 --- [ main] o.s.web.context.ContextLoader : Root WebApplicationContext: initialization completed in 2516 ms
2019-02-21 10:44:00.140 INFO 1 --- [ main] o.s.b.w.servlet.ServletRegistrationBean : Servlet dispatcherServlet mapped to [/]
2019-02-21 10:44:00.143 INFO 1 --- [ main] c.a.s.p.i.servlet.AwsServletContext : Initializing Spring FrameworkServlet 'dispatcherServlet'
2019-02-21 10:44:00.143 INFO 1 --- [ main] o.s.web.servlet.DispatcherServlet : FrameworkServlet 'dispatcherServlet': initialization started
2019-02-21 10:44:00.364 INFO 1 --- [ main] o.s.w.s.handler.SimpleUrlHandlerMapping : Mapped URL path [/**/favicon.ico] onto handler of type [class org.springframework.web.servlet.resource.ResourceHttpRequestHandler]
2019-02-21 10:44:00.819 INFO 1 --- [ main] s.w.s.m.m.a.RequestMappingHandlerMapping : Mapped "{[/demo/c],methods=[GET]}" onto public java.lang.String lambda.demo.controller.DemoController.c()
2019-02-21 10:44:00.820 INFO 1 --- [ main] s.w.s.m.m.a.RequestMappingHandlerMapping : Mapped "{[/demo/i],methods=[GET]}" onto public java.lang.String lambda.demo.controller.DemoController.i()
2019-02-21 10:44:00.821 INFO 1 --- [ main] s.w.s.m.m.a.RequestMappingHandlerMapping : Mapped "{[/demo/j],methods=[GET]}" onto public java.lang.String lambda.demo.controller.DemoController.j()
2019-02-21 10:44:00.822 INFO 1 --- [ main] s.w.s.m.m.a.RequestMappingHandlerMapping : Mapped "{[/demo/n],methods=[GET]}" onto public java.lang.String lambda.demo.controller.DemoController.n()
2019-02-21 10:44:00.822 INFO 1 --- [ main] s.w.s.m.m.a.RequestMappingHandlerMapping : Mapped "{[/demo/v],methods=[GET]}" onto public java.lang.String lambda.demo.controller.DemoController.v()
2019-02-21 10:44:00.823 INFO 1 --- [ main] s.w.s.m.m.a.RequestMappingHandlerMapping : Mapped "{[/demo/k],methods=[GET]}" onto public java.lang.String lambda.demo.controller.DemoController.k()
2019-02-21 10:44:00.824 INFO 1 --- [ main] s.w.s.m.m.a.RequestMappingHandlerMapping : Mapped "{[/demo/h],methods=[GET]}" onto public java.lang.String lambda.demo.controller.DemoController.h()
2019-02-21 10:44:00.834 INFO 1 --- [ main] s.w.s.m.m.a.RequestMappingHandlerMapping : Mapped "{[/demo/s],methods=[GET]}" onto public java.lang.String lambda.demo.controller.DemoController.s()
2019-02-21 10:44:00.835 INFO 1 --- [ main] s.w.s.m.m.a.RequestMappingHandlerMapping : Mapped "{[/demo/x],methods=[GET]}" onto public java.lang.String lambda.demo.controller.DemoController.x()
2019-02-21 10:44:00.836 INFO 1 --- [ main] s.w.s.m.m.a.RequestMappingHandlerMapping : Mapped "{[/demo/l],methods=[GET]}" onto public java.lang.String lambda.demo.controller.DemoController.l()
2019-02-21 10:44:00.837 INFO 1 --- [ main] s.w.s.m.m.a.RequestMappingHandlerMapping : Mapped "{[/demo/b],methods=[GET]}" onto public java.lang.String lambda.demo.controller.DemoController.b()
2019-02-21 10:44:00.838 INFO 1 --- [ main] s.w.s.m.m.a.RequestMappingHandlerMapping : Mapped "{[/demo/f],methods=[GET]}" onto public java.lang.String lambda.demo.controller.DemoController.f()
2019-02-21 10:44:00.839 INFO 1 --- [ main] s.w.s.m.m.a.RequestMappingHandlerMapping : Mapped "{[/demo/d],methods=[GET]}" onto public java.lang.String lambda.demo.controller.DemoController.d()
2019-02-21 10:44:00.840 INFO 1 --- [ main] s.w.s.m.m.a.RequestMappingHandlerMapping : Mapped "{[/demo/e],methods=[GET]}" onto public java.lang.String lambda.demo.controller.DemoController.e()
2019-02-21 10:44:00.841 INFO 1 --- [ main] s.w.s.m.m.a.RequestMappingHandlerMapping : Mapped "{[/demo/m],methods=[GET]}" onto public java.lang.String lambda.demo.controller.DemoController.m()
2019-02-21 10:44:00.842 INFO 1 --- [ main] s.w.s.m.m.a.RequestMappingHandlerMapping : Mapped "{[/demo/o],methods=[GET]}" onto public java.lang.String lambda.demo.controller.DemoController.o()
2019-02-21 10:44:00.842 INFO 1 --- [ main] s.w.s.m.m.a.RequestMappingHandlerMapping : Mapped "{[/demo/t],methods=[GET]}" onto public java.lang.String lambda.demo.controller.DemoController.t()
2019-02-21 10:44:00.853 INFO 1 --- [ main] s.w.s.m.m.a.RequestMappingHandlerMapping : Mapped "{[/demo/g],methods=[GET]}" onto public java.lang.String lambda.demo.controller.DemoController.g()
2019-02-21 10:44:00.854 INFO 1 --- [ main] s.w.s.m.m.a.RequestMappingHandlerMapping : Mapped "{[/demo/p],methods=[GET]}" onto public java.lang.String lambda.demo.controller.DemoController.p()
2019-02-21 10:44:00.854 INFO 1 --- [ main] s.w.s.m.m.a.RequestMappingHandlerMapping : Mapped "{[/demo/a],methods=[GET]}" onto public java.lang.String lambda.demo.controller.DemoController.a()
2019-02-21 10:44:00.855 INFO 1 --- [ main] s.w.s.m.m.a.RequestMappingHandlerMapping : Mapped "{[/demo/r],methods=[GET]}" onto public java.lang.String lambda.demo.controller.DemoController.r()
2019-02-21 10:44:00.856 INFO 1 --- [ main] s.w.s.m.m.a.RequestMappingHandlerMapping : Mapped "{[/demo/q],methods=[GET]}" onto public java.lang.String lambda.demo.controller.DemoController.q()
2019-02-21 10:44:00.857 INFO 1 --- [ main] s.w.s.m.m.a.RequestMappingHandlerMapping : Mapped "{[/demo/z],methods=[GET]}" onto public java.lang.String lambda.demo.controller.DemoController.z()
2019-02-21 10:44:00.857 INFO 1 --- [ main] s.w.s.m.m.a.RequestMappingHandlerMapping : Mapped "{[/demo/w],methods=[GET]}" onto public java.lang.String lambda.demo.controller.DemoController.w()
2019-02-21 10:44:00.858 INFO 1 --- [ main] s.w.s.m.m.a.RequestMappingHandlerMapping : Mapped "{[/demo/y],methods=[GET]}" onto public java.lang.String lambda.demo.controller.DemoController.y()
2019-02-21 10:44:00.859 INFO 1 --- [ main] s.w.s.m.m.a.RequestMappingHandlerMapping : Mapped "{[/demo/u],methods=[GET]}" onto public java.lang.String lambda.demo.controller.DemoController.u()
2019-02-21 10:44:00.870 INFO 1 --- [ main] s.w.s.m.m.a.RequestMappingHandlerMapping : Mapped "{[/error]}" onto public org.springframework.http.ResponseEntity<java.util.Map<java.lang.String, java.lang.Object>> org.springframework.boot.autoconfigure.web.servlet.error.BasicErrorController.error(javax.servlet.http.HttpServletRequest)
2019-02-21 10:44:00.871 INFO 1 --- [ main] s.w.s.m.m.a.RequestMappingHandlerMapping : Mapped "{[/error],produces=[text/html]}" onto public org.springframework.web.servlet.ModelAndView org.springframework.boot.autoconfigure.web.servlet.error.BasicErrorController.errorHtml(javax.servlet.http.HttpServletRequest,javax.servlet.http.HttpServletResponse)
2019-02-21 10:44:01.158 INFO 1 --- [ main] o.s.w.s.handler.SimpleUrlHandlerMapping : Mapped URL path [/webjars/**] onto handler of type [class org.springframework.web.servlet.resource.ResourceHttpRequestHandler]
2019-02-21 10:44:01.158 INFO 1 --- [ main] o.s.w.s.handler.SimpleUrlHandlerMapping : Mapped URL path [/**] onto handler of type [class org.springframework.web.servlet.resource.ResourceHttpRequestHandler]
2019-02-21 10:44:01.901 INFO 1 --- [ main] s.w.s.m.m.a.RequestMappingHandlerAdapter : Looking for @ControllerAdvice: org.springframework.boot.web.servlet.context.AnnotationConfigServletWebServerApplicationContext@1033576a: startup date [Thu Feb 21 10:43:56 UTC 2019]; root of context hierarchy
2019-02-21 10:44:02.281 INFO 1 --- [ main] o.s.web.servlet.DispatcherServlet : FrameworkServlet 'dispatcherServlet': initialization completed in 2138 ms
2019-02-21 10:44:02.284 INFO 1 --- [ main] o.s.b.w.servlet.FilterRegistrationBean : Mapping filter: 'characterEncodingFilter' to: [/*]
2019-02-21 10:44:02.295 INFO 1 --- [ main] o.s.b.w.servlet.FilterRegistrationBean : Mapping filter: 'errorPageFilter' to: [/*]
2019-02-21 10:44:02.295 INFO 1 --- [ main] o.s.b.w.servlet.FilterRegistrationBean : Mapping filter: 'hiddenHttpMethodFilter' to: [/*]
2019-02-21 10:44:02.295 INFO 1 --- [ main] o.s.b.w.servlet.FilterRegistrationBean : Mapping filter: 'httpPutFormContentFilter' to: [/*]
2019-02-21 10:44:02.296 INFO 1 --- [ main] o.s.b.w.servlet.FilterRegistrationBean : Mapping filter: 'requestContextFilter' to: [/*]
START RequestId: b05f136f-c234-4286-96cf-d42c0d041e47 Version: $LATEST
10:44:04.045 [main] INFO lambda.demo.DemoStreamLambdaHandler - start with profile: profileA
10:44:04.938 [main] INFO com.amazonaws.serverless.proxy.internal.LambdaContainerHandler - Starting Lambda Container Handler
10:44:05.501 [main] INFO com.amazonaws.serverless.proxy.internal.servlet.AwsServletContext - 1 Spring WebApplicationInitializers detected on classpath

. ____ _ __ _ _
/\\ / ___'_ __ _ _(_)_ __ __ _ \ \ \ \
( ( )\___ | '_ | '_| | '_ \/ _` | \ \ \ \
\\/ ___)| |_)| | | | | || (_| | ) ) ) )
' |____| .__|_| |_|_| |_\__, | / / / /
=========|_|==============|___/=/_/_/_/
:: Spring Boot :: (v2.0.6.RELEASE)

2019-02-21 10:44:08.303 INFO 1 --- [ main] lambda.demo.DemoApp : Starting DemoApp on ip-10-128-49-122.ap-southeast-1.compute.internal with PID 1 (/var/task started by sbx_user1080 in /)
2019-02-21 10:44:08.304 INFO 1 --- [ main] lambda.demo.DemoApp : The following profiles are active: profileA
2019-02-21 10:44:08.376 INFO 1 --- [ main] ConfigServletWebServerApplicationContext : Refreshing org.springframework.boot.web.servlet.context.AnnotationConfigServletWebServerApplicationContext@43df23d3: startup date [Thu Feb 21 10:44:08 UTC 2019]; root of context hierarchy
2019-02-21 10:44:11.674 INFO 1 --- [ main] c.a.s.p.i.servlet.AwsServletContext : Initializing Spring embedded WebApplicationContext
2019-02-21 10:44:11.675 INFO 1 --- [ main] o.s.web.context.ContextLoader : Root WebApplicationContext: initialization completed in 3301 ms
2019-02-21 10:44:12.883 INFO 1 --- [ main] o.s.b.w.servlet.ServletRegistrationBean : Servlet dispatcherServlet mapped to [/]
2019-02-21 10:44:12.933 INFO 1 --- [ main] c.a.s.p.i.servlet.AwsServletContext : Initializing Spring FrameworkServlet 'dispatcherServlet'
2019-02-21 10:44:12.933 INFO 1 --- [ main] o.s.web.servlet.DispatcherServlet : FrameworkServlet 'dispatcherServlet': initialization started
2019-02-21 10:44:13.298 INFO 1 --- [ main] o.s.w.s.handler.SimpleUrlHandlerMapping : Mapped URL path [/**/favicon.ico] onto handler of type [class org.springframework.web.servlet.resource.ResourceHttpRequestHandler]
2019-02-21 10:44:13.816 INFO 1 --- [ main] s.w.s.m.m.a.RequestMappingHandlerMapping : Mapped "{[/demo/c],methods=[GET]}" onto public java.lang.String lambda.demo.controller.DemoController.c()
2019-02-21 10:44:13.817 INFO 1 --- [ main] s.w.s.m.m.a.RequestMappingHandlerMapping : Mapped "{[/demo/i],methods=[GET]}" onto public java.lang.String lambda.demo.controller.DemoController.i()
2019-02-21 10:44:13.818 INFO 1 --- [ main] s.w.s.m.m.a.RequestMappingHandlerMapping : Mapped "{[/demo/j],methods=[GET]}" onto public java.lang.String lambda.demo.controller.DemoController.j()
2019-02-21 10:44:13.818 INFO 1 --- [ main] s.w.s.m.m.a.RequestMappingHandlerMapping : Mapped "{[/demo/n],methods=[GET]}" onto public java.lang.String lambda.demo.controller.DemoController.n()
2019-02-21 10:44:13.819 INFO 1 --- [ main] s.w.s.m.m.a.RequestMappingHandlerMapping : Mapped "{[/demo/v],methods=[GET]}" onto public java.lang.String lambda.demo.controller.DemoController.v()
2019-02-21 10:44:13.819 INFO 1 --- [ main] s.w.s.m.m.a.RequestMappingHandlerMapping : Mapped "{[/demo/k],methods=[GET]}" onto public java.lang.String lambda.demo.controller.DemoController.k()
2019-02-21 10:44:13.820 INFO 1 --- [ main] s.w.s.m.m.a.RequestMappingHandlerMapping : Mapped "{[/demo/h],methods=[GET]}" onto public java.lang.String lambda.demo.controller.DemoController.h()
2019-02-21 10:44:13.820 INFO 1 --- [ main] s.w.s.m.m.a.RequestMappingHandlerMapping : Mapped "{[/demo/s],methods=[GET]}" onto public java.lang.String lambda.demo.controller.DemoController.s()
2019-02-21 10:44:13.821 INFO 1 --- [ main] s.w.s.m.m.a.RequestMappingHandlerMapping : Mapped "{[/demo/x],methods=[GET]}" onto public java.lang.String lambda.demo.controller.DemoController.x()
2019-02-21 10:44:13.821 INFO 1 --- [ main] s.w.s.m.m.a.RequestMappingHandlerMapping : Mapped "{[/demo/l],methods=[GET]}" onto public java.lang.String lambda.demo.controller.DemoController.l()
2019-02-21 10:44:13.822 INFO 1 --- [ main] s.w.s.m.m.a.RequestMappingHandlerMapping : Mapped "{[/demo/b],methods=[GET]}" onto public java.lang.String lambda.demo.controller.DemoController.b()
2019-02-21 10:44:13.822 INFO 1 --- [ main] s.w.s.m.m.a.RequestMappingHandlerMapping : Mapped "{[/demo/f],methods=[GET]}" onto public java.lang.String lambda.demo.controller.DemoController.f()
2019-02-21 10:44:13.823 INFO 1 --- [ main] s.w.s.m.m.a.RequestMappingHandlerMapping : Mapped "{[/demo/d],methods=[GET]}" onto public java.lang.String lambda.demo.controller.DemoController.d()
2019-02-21 10:44:13.823 INFO 1 --- [ main] s.w.s.m.m.a.RequestMappingHandlerMapping : Mapped "{[/demo/e],methods=[GET]}" onto public java.lang.String lambda.demo.controller.DemoController.e()
2019-02-21 10:44:13.824 INFO 1 --- [ main] s.w.s.m.m.a.RequestMappingHandlerMapping : Mapped "{[/demo/m],methods=[GET]}" onto public java.lang.String lambda.demo.controller.DemoController.m()
2019-02-21 10:44:13.824 INFO 1 --- [ main] s.w.s.m.m.a.RequestMappingHandlerMapping : Mapped "{[/demo/o],methods=[GET]}" onto public java.lang.String lambda.demo.controller.DemoController.o()
2019-02-21 10:44:13.824 INFO 1 --- [ main] s.w.s.m.m.a.RequestMappingHandlerMapping : Mapped "{[/demo/t],methods=[GET]}" onto public java.lang.String lambda.demo.controller.DemoController.t()
2019-02-21 10:44:13.833 INFO 1 --- [ main] s.w.s.m.m.a.RequestMappingHandlerMapping : Mapped "{[/demo/g],methods=[GET]}" onto public java.lang.String lambda.demo.controller.DemoController.g()
2019-02-21 10:44:13.834 INFO 1 --- [ main] s.w.s.m.m.a.RequestMappingHandlerMapping : Mapped "{[/demo/p],methods=[GET]}" onto public java.lang.String lambda.demo.controller.DemoController.p()
2019-02-21 10:44:13.835 INFO 1 --- [ main] s.w.s.m.m.a.RequestMappingHandlerMapping : Mapped "{[/demo/a],methods=[GET]}" onto public java.lang.String lambda.demo.controller.DemoController.a()
2019-02-21 10:44:13.835 INFO 1 --- [ main] s.w.s.m.m.a.RequestMappingHandlerMapping : Mapped "{[/demo/r],methods=[GET]}" onto public java.lang.String lambda.demo.controller.DemoController.r()
2019-02-21 10:44:13.836 INFO 1 --- [ main] s.w.s.m.m.a.RequestMappingHandlerMapping : Mapped "{[/demo/q],methods=[GET]}" onto public java.lang.String lambda.demo.controller.DemoController.q()
2019-02-21 10:44:13.836 INFO 1 --- [ main] s.w.s.m.m.a.RequestMappingHandlerMapping : Mapped "{[/demo/z],methods=[GET]}" onto public java.lang.String lambda.demo.controller.DemoController.z()
2019-02-21 10:44:13.837 INFO 1 --- [ main] s.w.s.m.m.a.RequestMappingHandlerMapping : Mapped "{[/demo/w],methods=[GET]}" onto public java.lang.String lambda.demo.controller.DemoController.w()
2019-02-21 10:44:13.837 INFO 1 --- [ main] s.w.s.m.m.a.RequestMappingHandlerMapping : Mapped "{[/demo/y],methods=[GET]}" onto public java.lang.String lambda.demo.controller.DemoController.y()
2019-02-21 10:44:13.838 INFO 1 --- [ main] s.w.s.m.m.a.RequestMappingHandlerMapping : Mapped "{[/demo/u],methods=[GET]}" onto public java.lang.String lambda.demo.controller.DemoController.u()
2019-02-21 10:44:13.859 INFO 1 --- [ main] s.w.s.m.m.a.RequestMappingHandlerMapping : Mapped "{[/error]}" onto public org.springframework.http.ResponseEntity<java.util.Map<java.lang.String, java.lang.Object>> org.springframework.boot.autoconfigure.web.servlet.error.BasicErrorController.error(javax.servlet.http.HttpServletRequest)
2019-02-21 10:44:13.916 INFO 1 --- [ main] s.w.s.m.m.a.RequestMappingHandlerMapping : Mapped "{[/error],produces=[text/html]}" onto public org.springframework.web.servlet.ModelAndView org.springframework.boot.autoconfigure.web.servlet.error.BasicErrorController.errorHtml(javax.servlet.http.HttpServletRequest,javax.servlet.http.HttpServletResponse)
2019-02-21 10:44:14.199 INFO 1 --- [ main] o.s.w.s.handler.SimpleUrlHandlerMapping : Mapped URL path [/webjars/**] onto handler of type [class org.springframework.web.servlet.resource.ResourceHttpRequestHandler]
2019-02-21 10:44:14.199 INFO 1 --- [ main] o.s.w.s.handler.SimpleUrlHandlerMapping : Mapped URL path [/**] onto handler of type [class org.springframework.web.servlet.resource.ResourceHttpRequestHandler]
2019-02-21 10:44:15.156 INFO 1 --- [ main] s.w.s.m.m.a.RequestMappingHandlerAdapter : Looking for @ControllerAdvice: org.springframework.boot.web.servlet.context.AnnotationConfigServletWebServerApplicationContext@43df23d3: startup date [Thu Feb 21 10:44:08 UTC 2019]; root of context hierarchy
2019-02-21 10:44:15.881 INFO 1 --- [ main] o.s.web.servlet.DispatcherServlet : FrameworkServlet 'dispatcherServlet': initialization completed in 2948 ms
2019-02-21 10:44:15.884 INFO 1 --- [ main] o.s.b.w.servlet.FilterRegistrationBean : Mapping filter: 'characterEncodingFilter' to: [/*]
2019-02-21 10:44:15.884 INFO 1 --- [ main] o.s.b.w.servlet.FilterRegistrationBean : Mapping filter: 'errorPageFilter' to: [/*]
2019-02-21 10:44:15.884 INFO 1 --- [ main] o.s.b.w.servlet.FilterRegistrationBean : Mapping filter: 'hiddenHttpMethodFilter' to: [/*]
2019-02-21 10:44:15.884 INFO 1 --- [ main] o.s.b.w.servlet.FilterRegistrationBean : Mapping filter: 'httpPutFormContentFilter' to: [/*]
2019-02-21 10:44:15.884 INFO 1 --- [ main] o.s.b.w.servlet.FilterRegistrationBean : Mapping filter: 'requestContextFilter' to: [/*]
2019-02-21 10:44:18.259 INFO 1 --- [ main] o.s.j.e.a.AnnotationMBeanExporter : Registering beans for JMX exposure on startup
2019-02-21 10:44:18.437 INFO 1 --- [ main] lambda.demo.DemoApp : Started DemoApp in 12.23 seconds (JVM running for 15.115)
2019-02-21 10:44:18.560 ERROR 1 --- [ main] c.a.s.p.i.s.AwsProxyHttpServletRequest : Called set character encoding to UTF-8 on a request without a content type. Character encoding will not be set
2019-02-21 10:44:18.738 INFO 1 --- [ main] c.a.s.p.internal.LambdaContainerHandler : 118.201.58.126 - [21/02/2019:10:43:52Z] "GET /demo/a HTTP/1.1" 200 5 "-" "Amazon CloudFront" combined
END RequestId: b05f136f-c234-4286-96cf-d42c0d041e47
REPORT RequestId: b05f136f-c234-4286-96cf-d42c0d041e47	Duration: 15164.42 ms	Billed Duration: 15200 ms Memory Size: 1024 MB	Max Memory Used: 161 MB	