10:36:24.605 [main] INFO lambda.demo.DemoStreamLambdaHandler - start with profile: profileA
10:36:25.071 [main] INFO com.amazonaws.serverless.proxy.internal.LambdaContainerHandler - Starting Lambda Container Handler
10:36:25.488 [main] INFO com.amazonaws.serverless.proxy.internal.servlet.AwsServletContext - 1 Spring WebApplicationInitializers detected on classpath

. ____ _ __ _ _
/\\ / ___'_ __ _ _(_)_ __ __ _ \ \ \ \
( ( )\___ | '_ | '_| | '_ \/ _` | \ \ \ \
\\/ ___)| |_)| | | | | || (_| | ) ) ) )
' |____| .__|_| |_|_| |_\__, | / / / /
=========|_|==============|___/=/_/_/_/
:: Spring Boot :: (v2.0.6.RELEASE)

2019-02-21 10:36:27.470 INFO 1 --- [ main] lambda.demo.DemoApp : Starting DemoApp on ip-10-128-44-47.ap-southeast-1.compute.internal with PID 1 (/var/task started by sbx_user1073 in /)
2019-02-21 10:36:27.471 INFO 1 --- [ main] lambda.demo.DemoApp : The following profiles are active: profileA
2019-02-21 10:36:27.515 INFO 1 --- [ main] ConfigServletWebServerApplicationContext : Refreshing org.springframework.boot.web.servlet.context.AnnotationConfigServletWebServerApplicationContext@76494737: startup date [Thu Feb 21 10:36:27 UTC 2019]; root of context hierarchy
2019-02-21 10:36:29.886 INFO 1 --- [ main] c.a.s.p.i.servlet.AwsServletContext : Initializing Spring embedded WebApplicationContext
2019-02-21 10:36:29.887 INFO 1 --- [ main] o.s.web.context.ContextLoader : Root WebApplicationContext: initialization completed in 2374 ms
2019-02-21 10:36:30.734 INFO 1 --- [ main] o.s.b.w.servlet.ServletRegistrationBean : Servlet dispatcherServlet mapped to [/]
2019-02-21 10:36:30.743 INFO 1 --- [ main] c.a.s.p.i.servlet.AwsServletContext : Initializing Spring FrameworkServlet 'dispatcherServlet'
2019-02-21 10:36:30.743 INFO 1 --- [ main] o.s.web.servlet.DispatcherServlet : FrameworkServlet 'dispatcherServlet': initialization started
2019-02-21 10:36:31.031 INFO 1 --- [ main] o.s.w.s.handler.SimpleUrlHandlerMapping : Mapped URL path [/**/favicon.ico] onto handler of type [class org.springframework.web.servlet.resource.ResourceHttpRequestHandler]
2019-02-21 10:36:31.404 INFO 1 --- [ main] s.w.s.m.m.a.RequestMappingHandlerMapping : Mapped "{[/demo/c],methods=[GET]}" onto public java.lang.String lambda.demo.controller.DemoController.c()
2019-02-21 10:36:31.405 INFO 1 --- [ main] s.w.s.m.m.a.RequestMappingHandlerMapping : Mapped "{[/demo/i],methods=[GET]}" onto public java.lang.String lambda.demo.controller.DemoController.i()
2019-02-21 10:36:31.406 INFO 1 --- [ main] s.w.s.m.m.a.RequestMappingHandlerMapping : Mapped "{[/demo/j],methods=[GET]}" onto public java.lang.String lambda.demo.controller.DemoController.j()
2019-02-21 10:36:31.407 INFO 1 --- [ main] s.w.s.m.m.a.RequestMappingHandlerMapping : Mapped "{[/demo/n],methods=[GET]}" onto public java.lang.String lambda.demo.controller.DemoController.n()
2019-02-21 10:36:31.408 INFO 1 --- [ main] s.w.s.m.m.a.RequestMappingHandlerMapping : Mapped "{[/demo/v],methods=[GET]}" onto public java.lang.String lambda.demo.controller.DemoController.v()
2019-02-21 10:36:31.408 INFO 1 --- [ main] s.w.s.m.m.a.RequestMappingHandlerMapping : Mapped "{[/demo/k],methods=[GET]}" onto public java.lang.String lambda.demo.controller.DemoController.k()
2019-02-21 10:36:31.409 INFO 1 --- [ main] s.w.s.m.m.a.RequestMappingHandlerMapping : Mapped "{[/demo/h],methods=[GET]}" onto public java.lang.String lambda.demo.controller.DemoController.h()
2019-02-21 10:36:31.409 INFO 1 --- [ main] s.w.s.m.m.a.RequestMappingHandlerMapping : Mapped "{[/demo/s],methods=[GET]}" onto public java.lang.String lambda.demo.controller.DemoController.s()
2019-02-21 10:36:31.410 INFO 1 --- [ main] s.w.s.m.m.a.RequestMappingHandlerMapping : Mapped "{[/demo/x],methods=[GET]}" onto public java.lang.String lambda.demo.controller.DemoController.x()
2019-02-21 10:36:31.410 INFO 1 --- [ main] s.w.s.m.m.a.RequestMappingHandlerMapping : Mapped "{[/demo/l],methods=[GET]}" onto public java.lang.String lambda.demo.controller.DemoController.l()
2019-02-21 10:36:31.423 INFO 1 --- [ main] s.w.s.m.m.a.RequestMappingHandlerMapping : Mapped "{[/demo/b],methods=[GET]}" onto public java.lang.String lambda.demo.controller.DemoController.b()
2019-02-21 10:36:31.424 INFO 1 --- [ main] s.w.s.m.m.a.RequestMappingHandlerMapping : Mapped "{[/demo/f],methods=[GET]}" onto public java.lang.String lambda.demo.controller.DemoController.f()
2019-02-21 10:36:31.425 INFO 1 --- [ main] s.w.s.m.m.a.RequestMappingHandlerMapping : Mapped "{[/demo/d],methods=[GET]}" onto public java.lang.String lambda.demo.controller.DemoController.d()
2019-02-21 10:36:31.425 INFO 1 --- [ main] s.w.s.m.m.a.RequestMappingHandlerMapping : Mapped "{[/demo/e],methods=[GET]}" onto public java.lang.String lambda.demo.controller.DemoController.e()
2019-02-21 10:36:31.426 INFO 1 --- [ main] s.w.s.m.m.a.RequestMappingHandlerMapping : Mapped "{[/demo/m],methods=[GET]}" onto public java.lang.String lambda.demo.controller.DemoController.m()
2019-02-21 10:36:31.427 INFO 1 --- [ main] s.w.s.m.m.a.RequestMappingHandlerMapping : Mapped "{[/demo/o],methods=[GET]}" onto public java.lang.String lambda.demo.controller.DemoController.o()
2019-02-21 10:36:31.428 INFO 1 --- [ main] s.w.s.m.m.a.RequestMappingHandlerMapping : Mapped "{[/demo/t],methods=[GET]}" onto public java.lang.String lambda.demo.controller.DemoController.t()
2019-02-21 10:36:31.428 INFO 1 --- [ main] s.w.s.m.m.a.RequestMappingHandlerMapping : Mapped "{[/demo/g],methods=[GET]}" onto public java.lang.String lambda.demo.controller.DemoController.g()
2019-02-21 10:36:31.429 INFO 1 --- [ main] s.w.s.m.m.a.RequestMappingHandlerMapping : Mapped "{[/demo/p],methods=[GET]}" onto public java.lang.String lambda.demo.controller.DemoController.p()
2019-02-21 10:36:31.430 INFO 1 --- [ main] s.w.s.m.m.a.RequestMappingHandlerMapping : Mapped "{[/demo/a],methods=[GET]}" onto public java.lang.String lambda.demo.controller.DemoController.a()
2019-02-21 10:36:31.431 INFO 1 --- [ main] s.w.s.m.m.a.RequestMappingHandlerMapping : Mapped "{[/demo/r],methods=[GET]}" onto public java.lang.String lambda.demo.controller.DemoController.r()
2019-02-21 10:36:31.431 INFO 1 --- [ main] s.w.s.m.m.a.RequestMappingHandlerMapping : Mapped "{[/demo/q],methods=[GET]}" onto public java.lang.String lambda.demo.controller.DemoController.q()
2019-02-21 10:36:31.432 INFO 1 --- [ main] s.w.s.m.m.a.RequestMappingHandlerMapping : Mapped "{[/demo/z],methods=[GET]}" onto public java.lang.String lambda.demo.controller.DemoController.z()
2019-02-21 10:36:31.432 INFO 1 --- [ main] s.w.s.m.m.a.RequestMappingHandlerMapping : Mapped "{[/demo/w],methods=[GET]}" onto public java.lang.String lambda.demo.controller.DemoController.w()
2019-02-21 10:36:31.432 INFO 1 --- [ main] s.w.s.m.m.a.RequestMappingHandlerMapping : Mapped "{[/demo/y],methods=[GET]}" onto public java.lang.String lambda.demo.controller.DemoController.y()
2019-02-21 10:36:31.433 INFO 1 --- [ main] s.w.s.m.m.a.RequestMappingHandlerMapping : Mapped "{[/demo/u],methods=[GET]}" onto public java.lang.String lambda.demo.controller.DemoController.u()
2019-02-21 10:36:31.452 INFO 1 --- [ main] s.w.s.m.m.a.RequestMappingHandlerMapping : Mapped "{[/error]}" onto public org.springframework.http.ResponseEntity<java.util.Map<java.lang.String, java.lang.Object>> org.springframework.boot.autoconfigure.web.servlet.error.BasicErrorController.error(javax.servlet.http.HttpServletRequest)
2019-02-21 10:36:31.453 INFO 1 --- [ main] s.w.s.m.m.a.RequestMappingHandlerMapping : Mapped "{[/error],produces=[text/html]}" onto public org.springframework.web.servlet.ModelAndView org.springframework.boot.autoconfigure.web.servlet.error.BasicErrorController.errorHtml(javax.servlet.http.HttpServletRequest,javax.servlet.http.HttpServletResponse)
2019-02-21 10:36:31.732 INFO 1 --- [ main] o.s.w.s.handler.SimpleUrlHandlerMapping : Mapped URL path [/webjars/**] onto handler of type [class org.springframework.web.servlet.resource.ResourceHttpRequestHandler]
2019-02-21 10:36:31.732 INFO 1 --- [ main] o.s.w.s.handler.SimpleUrlHandlerMapping : Mapped URL path [/**] onto handler of type [class org.springframework.web.servlet.resource.ResourceHttpRequestHandler]
2019-02-21 10:36:32.407 INFO 1 --- [ main] s.w.s.m.m.a.RequestMappingHandlerAdapter : Looking for @ControllerAdvice: org.springframework.boot.web.servlet.context.AnnotationConfigServletWebServerApplicationContext@76494737: startup date [Thu Feb 21 10:36:27 UTC 2019]; root of context hierarchy
2019-02-21 10:36:32.789 INFO 1 --- [ main] o.s.web.servlet.DispatcherServlet : FrameworkServlet 'dispatcherServlet': initialization completed in 2045 ms
2019-02-21 10:36:32.804 INFO 1 --- [ main] o.s.b.w.servlet.FilterRegistrationBean : Mapping filter: 'characterEncodingFilter' to: [/*]
2019-02-21 10:36:32.805 INFO 1 --- [ main] o.s.b.w.servlet.FilterRegistrationBean : Mapping filter: 'errorPageFilter' to: [/*]
2019-02-21 10:36:32.805 INFO 1 --- [ main] o.s.b.w.servlet.FilterRegistrationBean : Mapping filter: 'hiddenHttpMethodFilter' to: [/*]
2019-02-21 10:36:32.805 INFO 1 --- [ main] o.s.b.w.servlet.FilterRegistrationBean : Mapping filter: 'httpPutFormContentFilter' to: [/*]
2019-02-21 10:36:32.806 INFO 1 --- [ main] o.s.b.w.servlet.FilterRegistrationBean : Mapping filter: 'requestContextFilter' to: [/*]
START RequestId: 57cc7edd-2fd9-4a83-bb04-cd65f0a10c15 Version: $LATEST
10:36:35.012 [main] INFO lambda.demo.DemoStreamLambdaHandler - start with profile: profileA
10:36:35.748 [main] INFO com.amazonaws.serverless.proxy.internal.LambdaContainerHandler - Starting Lambda Container Handler
10:36:36.307 [main] INFO com.amazonaws.serverless.proxy.internal.servlet.AwsServletContext - 1 Spring WebApplicationInitializers detected on classpath

. ____ _ __ _ _
/\\ / ___'_ __ _ _(_)_ __ __ _ \ \ \ \
( ( )\___ | '_ | '_| | '_ \/ _` | \ \ \ \
\\/ ___)| |_)| | | | | || (_| | ) ) ) )
' |____| .__|_| |_|_| |_\__, | / / / /
=========|_|==============|___/=/_/_/_/
:: Spring Boot :: (v2.0.6.RELEASE)

2019-02-21 10:36:38.844 INFO 1 --- [ main] lambda.demo.DemoApp : Starting DemoApp on ip-10-128-44-47.ap-southeast-1.compute.internal with PID 1 (/var/task started by sbx_user1073 in /)
2019-02-21 10:36:38.863 INFO 1 --- [ main] lambda.demo.DemoApp : The following profiles are active: profileA
2019-02-21 10:36:38.972 INFO 1 --- [ main] ConfigServletWebServerApplicationContext : Refreshing org.springframework.boot.web.servlet.context.AnnotationConfigServletWebServerApplicationContext@4681c175: startup date [Thu Feb 21 10:36:38 UTC 2019]; root of context hierarchy
2019-02-21 10:36:42.486 INFO 1 --- [ main] c.a.s.p.i.servlet.AwsServletContext : Initializing Spring embedded WebApplicationContext
2019-02-21 10:36:42.486 INFO 1 --- [ main] o.s.web.context.ContextLoader : Root WebApplicationContext: initialization completed in 3516 ms
2019-02-21 10:36:43.870 INFO 1 --- [ main] o.s.b.w.servlet.ServletRegistrationBean : Servlet dispatcherServlet mapped to [/]
2019-02-21 10:36:43.883 INFO 1 --- [ main] c.a.s.p.i.servlet.AwsServletContext : Initializing Spring FrameworkServlet 'dispatcherServlet'
2019-02-21 10:36:43.883 INFO 1 --- [ main] o.s.web.servlet.DispatcherServlet : FrameworkServlet 'dispatcherServlet': initialization started
2019-02-21 10:36:44.213 INFO 1 --- [ main] o.s.w.s.handler.SimpleUrlHandlerMapping : Mapped URL path [/**/favicon.ico] onto handler of type [class org.springframework.web.servlet.resource.ResourceHttpRequestHandler]
2019-02-21 10:36:44.670 INFO 1 --- [ main] s.w.s.m.m.a.RequestMappingHandlerMapping : Mapped "{[/demo/c],methods=[GET]}" onto public java.lang.String lambda.demo.controller.DemoController.c()
2019-02-21 10:36:44.684 INFO 1 --- [ main] s.w.s.m.m.a.RequestMappingHandlerMapping : Mapped "{[/demo/i],methods=[GET]}" onto public java.lang.String lambda.demo.controller.DemoController.i()
2019-02-21 10:36:44.684 INFO 1 --- [ main] s.w.s.m.m.a.RequestMappingHandlerMapping : Mapped "{[/demo/j],methods=[GET]}" onto public java.lang.String lambda.demo.controller.DemoController.j()
2019-02-21 10:36:44.685 INFO 1 --- [ main] s.w.s.m.m.a.RequestMappingHandlerMapping : Mapped "{[/demo/n],methods=[GET]}" onto public java.lang.String lambda.demo.controller.DemoController.n()
2019-02-21 10:36:44.685 INFO 1 --- [ main] s.w.s.m.m.a.RequestMappingHandlerMapping : Mapped "{[/demo/v],methods=[GET]}" onto public java.lang.String lambda.demo.controller.DemoController.v()
2019-02-21 10:36:44.686 INFO 1 --- [ main] s.w.s.m.m.a.RequestMappingHandlerMapping : Mapped "{[/demo/k],methods=[GET]}" onto public java.lang.String lambda.demo.controller.DemoController.k()
2019-02-21 10:36:44.687 INFO 1 --- [ main] s.w.s.m.m.a.RequestMappingHandlerMapping : Mapped "{[/demo/h],methods=[GET]}" onto public java.lang.String lambda.demo.controller.DemoController.h()
2019-02-21 10:36:44.687 INFO 1 --- [ main] s.w.s.m.m.a.RequestMappingHandlerMapping : Mapped "{[/demo/s],methods=[GET]}" onto public java.lang.String lambda.demo.controller.DemoController.s()
2019-02-21 10:36:44.688 INFO 1 --- [ main] s.w.s.m.m.a.RequestMappingHandlerMapping : Mapped "{[/demo/x],methods=[GET]}" onto public java.lang.String lambda.demo.controller.DemoController.x()
2019-02-21 10:36:44.689 INFO 1 --- [ main] s.w.s.m.m.a.RequestMappingHandlerMapping : Mapped "{[/demo/l],methods=[GET]}" onto public java.lang.String lambda.demo.controller.DemoController.l()
2019-02-21 10:36:44.689 INFO 1 --- [ main] s.w.s.m.m.a.RequestMappingHandlerMapping : Mapped "{[/demo/b],methods=[GET]}" onto public java.lang.String lambda.demo.controller.DemoController.b()
2019-02-21 10:36:44.690 INFO 1 --- [ main] s.w.s.m.m.a.RequestMappingHandlerMapping : Mapped "{[/demo/f],methods=[GET]}" onto public java.lang.String lambda.demo.controller.DemoController.f()
2019-02-21 10:36:44.691 INFO 1 --- [ main] s.w.s.m.m.a.RequestMappingHandlerMapping : Mapped "{[/demo/d],methods=[GET]}" onto public java.lang.String lambda.demo.controller.DemoController.d()
2019-02-21 10:36:44.691 INFO 1 --- [ main] s.w.s.m.m.a.RequestMappingHandlerMapping : Mapped "{[/demo/e],methods=[GET]}" onto public java.lang.String lambda.demo.controller.DemoController.e()
2019-02-21 10:36:44.692 INFO 1 --- [ main] s.w.s.m.m.a.RequestMappingHandlerMapping : Mapped "{[/demo/m],methods=[GET]}" onto public java.lang.String lambda.demo.controller.DemoController.m()
2019-02-21 10:36:44.692 INFO 1 --- [ main] s.w.s.m.m.a.RequestMappingHandlerMapping : Mapped "{[/demo/o],methods=[GET]}" onto public java.lang.String lambda.demo.controller.DemoController.o()
2019-02-21 10:36:44.693 INFO 1 --- [ main] s.w.s.m.m.a.RequestMappingHandlerMapping : Mapped "{[/demo/t],methods=[GET]}" onto public java.lang.String lambda.demo.controller.DemoController.t()
2019-02-21 10:36:44.693 INFO 1 --- [ main] s.w.s.m.m.a.RequestMappingHandlerMapping : Mapped "{[/demo/g],methods=[GET]}" onto public java.lang.String lambda.demo.controller.DemoController.g()
2019-02-21 10:36:44.694 INFO 1 --- [ main] s.w.s.m.m.a.RequestMappingHandlerMapping : Mapped "{[/demo/p],methods=[GET]}" onto public java.lang.String lambda.demo.controller.DemoController.p()
2019-02-21 10:36:44.695 INFO 1 --- [ main] s.w.s.m.m.a.RequestMappingHandlerMapping : Mapped "{[/demo/a],methods=[GET]}" onto public java.lang.String lambda.demo.controller.DemoController.a()
2019-02-21 10:36:44.704 INFO 1 --- [ main] s.w.s.m.m.a.RequestMappingHandlerMapping : Mapped "{[/demo/r],methods=[GET]}" onto public java.lang.String lambda.demo.controller.DemoController.r()
2019-02-21 10:36:44.704 INFO 1 --- [ main] s.w.s.m.m.a.RequestMappingHandlerMapping : Mapped "{[/demo/q],methods=[GET]}" onto public java.lang.String lambda.demo.controller.DemoController.q()
2019-02-21 10:36:44.705 INFO 1 --- [ main] s.w.s.m.m.a.RequestMappingHandlerMapping : Mapped "{[/demo/z],methods=[GET]}" onto public java.lang.String lambda.demo.controller.DemoController.z()
2019-02-21 10:36:44.706 INFO 1 --- [ main] s.w.s.m.m.a.RequestMappingHandlerMapping : Mapped "{[/demo/w],methods=[GET]}" onto public java.lang.String lambda.demo.controller.DemoController.w()
2019-02-21 10:36:44.723 INFO 1 --- [ main] s.w.s.m.m.a.RequestMappingHandlerMapping : Mapped "{[/demo/y],methods=[GET]}" onto public java.lang.String lambda.demo.controller.DemoController.y()
2019-02-21 10:36:44.724 INFO 1 --- [ main] s.w.s.m.m.a.RequestMappingHandlerMapping : Mapped "{[/demo/u],methods=[GET]}" onto public java.lang.String lambda.demo.controller.DemoController.u()
2019-02-21 10:36:44.749 INFO 1 --- [ main] s.w.s.m.m.a.RequestMappingHandlerMapping : Mapped "{[/error]}" onto public org.springframework.http.ResponseEntity<java.util.Map<java.lang.String, java.lang.Object>> org.springframework.boot.autoconfigure.web.servlet.error.BasicErrorController.error(javax.servlet.http.HttpServletRequest)
2019-02-21 10:36:44.750 INFO 1 --- [ main] s.w.s.m.m.a.RequestMappingHandlerMapping : Mapped "{[/error],produces=[text/html]}" onto public org.springframework.web.servlet.ModelAndView org.springframework.boot.autoconfigure.web.servlet.error.BasicErrorController.errorHtml(javax.servlet.http.HttpServletRequest,javax.servlet.http.HttpServletResponse)
2019-02-21 10:36:45.087 INFO 1 --- [ main] o.s.w.s.handler.SimpleUrlHandlerMapping : Mapped URL path [/webjars/**] onto handler of type [class org.springframework.web.servlet.resource.ResourceHttpRequestHandler]
2019-02-21 10:36:45.087 INFO 1 --- [ main] o.s.w.s.handler.SimpleUrlHandlerMapping : Mapped URL path [/**] onto handler of type [class org.springframework.web.servlet.resource.ResourceHttpRequestHandler]
2019-02-21 10:36:46.106 INFO 1 --- [ main] s.w.s.m.m.a.RequestMappingHandlerAdapter : Looking for @ControllerAdvice: org.springframework.boot.web.servlet.context.AnnotationConfigServletWebServerApplicationContext@4681c175: startup date [Thu Feb 21 10:36:38 UTC 2019]; root of context hierarchy
2019-02-21 10:36:46.783 INFO 1 --- [ main] o.s.web.servlet.DispatcherServlet : FrameworkServlet 'dispatcherServlet': initialization completed in 2884 ms
2019-02-21 10:36:46.786 INFO 1 --- [ main] o.s.b.w.servlet.FilterRegistrationBean : Mapping filter: 'characterEncodingFilter' to: [/*]
2019-02-21 10:36:46.823 INFO 1 --- [ main] o.s.b.w.servlet.FilterRegistrationBean : Mapping filter: 'errorPageFilter' to: [/*]
2019-02-21 10:36:46.823 INFO 1 --- [ main] o.s.b.w.servlet.FilterRegistrationBean : Mapping filter: 'hiddenHttpMethodFilter' to: [/*]
2019-02-21 10:36:46.823 INFO 1 --- [ main] o.s.b.w.servlet.FilterRegistrationBean : Mapping filter: 'httpPutFormContentFilter' to: [/*]
2019-02-21 10:36:46.824 INFO 1 --- [ main] o.s.b.w.servlet.FilterRegistrationBean : Mapping filter: 'requestContextFilter' to: [/*]
2019-02-21 10:36:55.849 INFO 1 --- [ main] o.s.j.e.a.AnnotationMBeanExporter : Registering beans for JMX exposure on startup
2019-02-21 10:36:56.286 INFO 1 --- [ main] lambda.demo.DemoApp : Started DemoApp in 19.366 seconds (JVM running for 21.942)
2019-02-21 10:36:56.410 ERROR 1 --- [ main] c.a.s.p.i.s.AwsProxyHttpServletRequest : Called set character encoding to UTF-8 on a request without a content type. Character encoding will not be set
2019-02-21 10:36:56.826 INFO 1 --- [ main] c.a.s.p.internal.LambdaContainerHandler : 118.201.58.126 - [21/02/2019:10:36:23Z] "GET /demo/e HTTP/1.1" 200 5 "-" "Amazon CloudFront" combined
END RequestId: 57cc7edd-2fd9-4a83-bb04-cd65f0a10c15
REPORT RequestId: 57cc7edd-2fd9-4a83-bb04-cd65f0a10c15	Duration: 22275.89 ms	Billed Duration: 22300 ms Memory Size: 1024 MB	Max Memory Used: 168 MB	