10:03:56.325 [main] INFO lambda.demo.DemoStreamLambdaHandler - start with profile: profileA
10:03:56.719 [main] INFO com.amazonaws.serverless.proxy.internal.LambdaContainerHandler - Starting Lambda Container Handler
10:03:56.976 [main] INFO com.amazonaws.serverless.proxy.internal.servlet.AwsServletContext - 1 Spring WebApplicationInitializers detected on classpath

. ____ _ __ _ _
/\\ / ___'_ __ _ _(_)_ __ __ _ \ \ \ \
( ( )\___ | '_ | '_| | '_ \/ _` | \ \ \ \
\\/ ___)| |_)| | | | | || (_| | ) ) ) )
' |____| .__|_| |_|_| |_\__, | / / / /
=========|_|==============|___/=/_/_/_/
:: Spring Boot :: (v2.0.6.RELEASE)

2019-02-21 10:03:58.281 INFO 1 --- [ main] lambda.demo.DemoApp : Starting DemoApp on ip-10-129-163-78.ap-southeast-1.compute.internal with PID 1 (/var/task started by sbx_user1073 in /)
2019-02-21 10:03:58.282 INFO 1 --- [ main] lambda.demo.DemoApp : The following profiles are active: profileA
2019-02-21 10:03:58.326 INFO 1 --- [ main] ConfigServletWebServerApplicationContext : Refreshing org.springframework.boot.web.servlet.context.AnnotationConfigServletWebServerApplicationContext@536f2a7e: startup date [Thu Feb 21 10:03:58 UTC 2019]; root of context hierarchy
2019-02-21 10:04:00.088 INFO 1 --- [ main] c.a.s.p.i.servlet.AwsServletContext : Initializing Spring embedded WebApplicationContext
2019-02-21 10:04:00.088 INFO 1 --- [ main] o.s.web.context.ContextLoader : Root WebApplicationContext: initialization completed in 1764 ms
2019-02-21 10:04:00.618 INFO 1 --- [ main] o.s.b.w.servlet.ServletRegistrationBean : Servlet dispatcherServlet mapped to [/]
2019-02-21 10:04:00.620 INFO 1 --- [ main] c.a.s.p.i.servlet.AwsServletContext : Initializing Spring FrameworkServlet 'dispatcherServlet'
2019-02-21 10:04:00.620 INFO 1 --- [ main] o.s.web.servlet.DispatcherServlet : FrameworkServlet 'dispatcherServlet': initialization started
2019-02-21 10:04:00.827 INFO 1 --- [ main] o.s.w.s.handler.SimpleUrlHandlerMapping : Mapped URL path [/**/favicon.ico] onto handler of type [class org.springframework.web.servlet.resource.ResourceHttpRequestHandler]
2019-02-21 10:04:01.104 INFO 1 --- [ main] s.w.s.m.m.a.RequestMappingHandlerMapping : Mapped "{[/demo/c],methods=[GET]}" onto public java.lang.String lambda.demo.controller.DemoController.c()
2019-02-21 10:04:01.106 INFO 1 --- [ main] s.w.s.m.m.a.RequestMappingHandlerMapping : Mapped "{[/demo/i],methods=[GET]}" onto public java.lang.String lambda.demo.controller.DemoController.i()
2019-02-21 10:04:01.106 INFO 1 --- [ main] s.w.s.m.m.a.RequestMappingHandlerMapping : Mapped "{[/demo/j],methods=[GET]}" onto public java.lang.String lambda.demo.controller.DemoController.j()
2019-02-21 10:04:01.106 INFO 1 --- [ main] s.w.s.m.m.a.RequestMappingHandlerMapping : Mapped "{[/demo/n],methods=[GET]}" onto public java.lang.String lambda.demo.controller.DemoController.n()
2019-02-21 10:04:01.107 INFO 1 --- [ main] s.w.s.m.m.a.RequestMappingHandlerMapping : Mapped "{[/demo/v],methods=[GET]}" onto public java.lang.String lambda.demo.controller.DemoController.v()
2019-02-21 10:04:01.107 INFO 1 --- [ main] s.w.s.m.m.a.RequestMappingHandlerMapping : Mapped "{[/demo/k],methods=[GET]}" onto public java.lang.String lambda.demo.controller.DemoController.k()
2019-02-21 10:04:01.116 INFO 1 --- [ main] s.w.s.m.m.a.RequestMappingHandlerMapping : Mapped "{[/demo/h],methods=[GET]}" onto public java.lang.String lambda.demo.controller.DemoController.h()
2019-02-21 10:04:01.116 INFO 1 --- [ main] s.w.s.m.m.a.RequestMappingHandlerMapping : Mapped "{[/demo/s],methods=[GET]}" onto public java.lang.String lambda.demo.controller.DemoController.s()
2019-02-21 10:04:01.117 INFO 1 --- [ main] s.w.s.m.m.a.RequestMappingHandlerMapping : Mapped "{[/demo/x],methods=[GET]}" onto public java.lang.String lambda.demo.controller.DemoController.x()
2019-02-21 10:04:01.117 INFO 1 --- [ main] s.w.s.m.m.a.RequestMappingHandlerMapping : Mapped "{[/demo/l],methods=[GET]}" onto public java.lang.String lambda.demo.controller.DemoController.l()
2019-02-21 10:04:01.118 INFO 1 --- [ main] s.w.s.m.m.a.RequestMappingHandlerMapping : Mapped "{[/demo/b],methods=[GET]}" onto public java.lang.String lambda.demo.controller.DemoController.b()
2019-02-21 10:04:01.118 INFO 1 --- [ main] s.w.s.m.m.a.RequestMappingHandlerMapping : Mapped "{[/demo/f],methods=[GET]}" onto public java.lang.String lambda.demo.controller.DemoController.f()
2019-02-21 10:04:01.118 INFO 1 --- [ main] s.w.s.m.m.a.RequestMappingHandlerMapping : Mapped "{[/demo/d],methods=[GET]}" onto public java.lang.String lambda.demo.controller.DemoController.d()
2019-02-21 10:04:01.119 INFO 1 --- [ main] s.w.s.m.m.a.RequestMappingHandlerMapping : Mapped "{[/demo/e],methods=[GET]}" onto public java.lang.String lambda.demo.controller.DemoController.e()
2019-02-21 10:04:01.119 INFO 1 --- [ main] s.w.s.m.m.a.RequestMappingHandlerMapping : Mapped "{[/demo/m],methods=[GET]}" onto public java.lang.String lambda.demo.controller.DemoController.m()
2019-02-21 10:04:01.120 INFO 1 --- [ main] s.w.s.m.m.a.RequestMappingHandlerMapping : Mapped "{[/demo/o],methods=[GET]}" onto public java.lang.String lambda.demo.controller.DemoController.o()
2019-02-21 10:04:01.120 INFO 1 --- [ main] s.w.s.m.m.a.RequestMappingHandlerMapping : Mapped "{[/demo/t],methods=[GET]}" onto public java.lang.String lambda.demo.controller.DemoController.t()
2019-02-21 10:04:01.121 INFO 1 --- [ main] s.w.s.m.m.a.RequestMappingHandlerMapping : Mapped "{[/demo/g],methods=[GET]}" onto public java.lang.String lambda.demo.controller.DemoController.g()
2019-02-21 10:04:01.121 INFO 1 --- [ main] s.w.s.m.m.a.RequestMappingHandlerMapping : Mapped "{[/demo/p],methods=[GET]}" onto public java.lang.String lambda.demo.controller.DemoController.p()
2019-02-21 10:04:01.121 INFO 1 --- [ main] s.w.s.m.m.a.RequestMappingHandlerMapping : Mapped "{[/demo/a],methods=[GET]}" onto public java.lang.String lambda.demo.controller.DemoController.a()
2019-02-21 10:04:01.122 INFO 1 --- [ main] s.w.s.m.m.a.RequestMappingHandlerMapping : Mapped "{[/demo/r],methods=[GET]}" onto public java.lang.String lambda.demo.controller.DemoController.r()
2019-02-21 10:04:01.122 INFO 1 --- [ main] s.w.s.m.m.a.RequestMappingHandlerMapping : Mapped "{[/demo/q],methods=[GET]}" onto public java.lang.String lambda.demo.controller.DemoController.q()
2019-02-21 10:04:01.123 INFO 1 --- [ main] s.w.s.m.m.a.RequestMappingHandlerMapping : Mapped "{[/demo/z],methods=[GET]}" onto public java.lang.String lambda.demo.controller.DemoController.z()
2019-02-21 10:04:01.123 INFO 1 --- [ main] s.w.s.m.m.a.RequestMappingHandlerMapping : Mapped "{[/demo/w],methods=[GET]}" onto public java.lang.String lambda.demo.controller.DemoController.w()
2019-02-21 10:04:01.123 INFO 1 --- [ main] s.w.s.m.m.a.RequestMappingHandlerMapping : Mapped "{[/demo/y],methods=[GET]}" onto public java.lang.String lambda.demo.controller.DemoController.y()
2019-02-21 10:04:01.124 INFO 1 --- [ main] s.w.s.m.m.a.RequestMappingHandlerMapping : Mapped "{[/demo/vals],methods=[GET]}" onto public java.util.Set<java.lang.Integer> lambda.demo.controller.DemoController.vals()
2019-02-21 10:04:01.124 INFO 1 --- [ main] s.w.s.m.m.a.RequestMappingHandlerMapping : Mapped "{[/demo/u],methods=[GET]}" onto public java.lang.String lambda.demo.controller.DemoController.u()
2019-02-21 10:04:01.141 INFO 1 --- [ main] s.w.s.m.m.a.RequestMappingHandlerMapping : Mapped "{[/error]}" onto public org.springframework.http.ResponseEntity<java.util.Map<java.lang.String, java.lang.Object>> org.springframework.boot.autoconfigure.web.servlet.error.BasicErrorController.error(javax.servlet.http.HttpServletRequest)
2019-02-21 10:04:01.142 INFO 1 --- [ main] s.w.s.m.m.a.RequestMappingHandlerMapping : Mapped "{[/error],produces=[text/html]}" onto public org.springframework.web.servlet.ModelAndView org.springframework.boot.autoconfigure.web.servlet.error.BasicErrorController.errorHtml(javax.servlet.http.HttpServletRequest,javax.servlet.http.HttpServletResponse)
2019-02-21 10:04:01.222 INFO 1 --- [ main] o.s.w.s.handler.SimpleUrlHandlerMapping : Mapped URL path [/webjars/**] onto handler of type [class org.springframework.web.servlet.resource.ResourceHttpRequestHandler]
2019-02-21 10:04:01.223 INFO 1 --- [ main] o.s.w.s.handler.SimpleUrlHandlerMapping : Mapped URL path [/**] onto handler of type [class org.springframework.web.servlet.resource.ResourceHttpRequestHandler]
2019-02-21 10:04:02.110 INFO 1 --- [ main] s.w.s.m.m.a.RequestMappingHandlerAdapter : Looking for @ControllerAdvice: org.springframework.boot.web.servlet.context.AnnotationConfigServletWebServerApplicationContext@536f2a7e: startup date [Thu Feb 21 10:03:58 UTC 2019]; root of context hierarchy
2019-02-21 10:04:02.378 INFO 1 --- [ main] o.s.web.servlet.DispatcherServlet : FrameworkServlet 'dispatcherServlet': initialization completed in 1758 ms
2019-02-21 10:04:02.381 INFO 1 --- [ main] o.s.b.w.servlet.FilterRegistrationBean : Mapping filter: 'characterEncodingFilter' to: [/*]
2019-02-21 10:04:02.396 INFO 1 --- [ main] o.s.b.w.servlet.FilterRegistrationBean : Mapping filter: 'errorPageFilter' to: [/*]
2019-02-21 10:04:02.396 INFO 1 --- [ main] o.s.b.w.servlet.FilterRegistrationBean : Mapping filter: 'hiddenHttpMethodFilter' to: [/*]
2019-02-21 10:04:02.396 INFO 1 --- [ main] o.s.b.w.servlet.FilterRegistrationBean : Mapping filter: 'httpPutFormContentFilter' to: [/*]
2019-02-21 10:04:02.397 INFO 1 --- [ main] o.s.b.w.servlet.FilterRegistrationBean : Mapping filter: 'requestContextFilter' to: [/*]
2019-02-21 10:04:03.383 INFO 1 --- [ main] o.s.j.e.a.AnnotationMBeanExporter : Registering beans for JMX exposure on startup
2019-02-21 10:04:03.467 INFO 1 --- [ main] lambda.demo.DemoApp : Started DemoApp in 6.175 seconds (JVM running for 7.701)
START RequestId: 21f2c0bc-e785-4f02-ae8f-bdfa4cf6ae0e Version: $LATEST
2019-02-21 10:04:03.659 ERROR 1 --- [ main] c.a.s.p.i.s.AwsProxyHttpServletRequest : Called set character encoding to UTF-8 on a request without a content type. Character encoding will not be set
2019-02-21 10:04:03.996 INFO 1 --- [ main] c.a.s.p.internal.LambdaContainerHandler : 118.201.58.126 - [21/02/2019:10:03:55Z] "GET /demo/c HTTP/1.1" 200 5 "-" "Amazon CloudFront" combined
END RequestId: 21f2c0bc-e785-4f02-ae8f-bdfa4cf6ae0e
REPORT RequestId: 21f2c0bc-e785-4f02-ae8f-bdfa4cf6ae0e	Duration: 557.98 ms	Billed Duration: 600 ms Memory Size: 1024 MB	Max Memory Used: 158 MB