10:06:43.297 [main] INFO lambda.demo.DemoStreamLambdaHandler - start with profile: profileA
10:06:43.698 [main] INFO com.amazonaws.serverless.proxy.internal.LambdaContainerHandler - Starting Lambda Container Handler
10:06:43.957 [main] INFO com.amazonaws.serverless.proxy.internal.servlet.AwsServletContext - 1 Spring WebApplicationInitializers detected on classpath

. ____ _ __ _ _
/\\ / ___'_ __ _ _(_)_ __ __ _ \ \ \ \
( ( )\___ | '_ | '_| | '_ \/ _` | \ \ \ \
\\/ ___)| |_)| | | | | || (_| | ) ) ) )
' |____| .__|_| |_|_| |_\__, | / / / /
=========|_|==============|___/=/_/_/_/
:: Spring Boot :: (v2.0.6.RELEASE)

2019-02-21 10:06:45.316 INFO 1 --- [ main] lambda.demo.DemoApp : Starting DemoApp on ip-10-129-163-78.ap-southeast-1.compute.internal with PID 1 (/var/task started by sbx_user1074 in /)
2019-02-21 10:06:45.317 INFO 1 --- [ main] lambda.demo.DemoApp : The following profiles are active: profileA
2019-02-21 10:06:45.362 INFO 1 --- [ main] ConfigServletWebServerApplicationContext : Refreshing org.springframework.boot.web.servlet.context.AnnotationConfigServletWebServerApplicationContext@273444fe: startup date [Thu Feb 21 10:06:45 UTC 2019]; root of context hierarchy
2019-02-21 10:06:47.236 INFO 1 --- [ main] c.a.s.p.i.servlet.AwsServletContext : Initializing Spring embedded WebApplicationContext
2019-02-21 10:06:47.236 INFO 1 --- [ main] o.s.web.context.ContextLoader : Root WebApplicationContext: initialization completed in 1876 ms
2019-02-21 10:06:47.783 INFO 1 --- [ main] o.s.b.w.servlet.ServletRegistrationBean : Servlet dispatcherServlet mapped to [/]
2019-02-21 10:06:47.797 INFO 1 --- [ main] c.a.s.p.i.servlet.AwsServletContext : Initializing Spring FrameworkServlet 'dispatcherServlet'
2019-02-21 10:06:47.797 INFO 1 --- [ main] o.s.web.servlet.DispatcherServlet : FrameworkServlet 'dispatcherServlet': initialization started
2019-02-21 10:06:47.921 INFO 1 --- [ main] o.s.w.s.handler.SimpleUrlHandlerMapping : Mapped URL path [/**/favicon.ico] onto handler of type [class org.springframework.web.servlet.resource.ResourceHttpRequestHandler]
2019-02-21 10:06:48.182 INFO 1 --- [ main] s.w.s.m.m.a.RequestMappingHandlerMapping : Mapped "{[/demo/c],methods=[GET]}" onto public java.lang.String lambda.demo.controller.DemoController.c()
2019-02-21 10:06:48.282 INFO 1 --- [ main] s.w.s.m.m.a.RequestMappingHandlerMapping : Mapped "{[/demo/i],methods=[GET]}" onto public java.lang.String lambda.demo.controller.DemoController.i()
2019-02-21 10:06:48.283 INFO 1 --- [ main] s.w.s.m.m.a.RequestMappingHandlerMapping : Mapped "{[/demo/j],methods=[GET]}" onto public java.lang.String lambda.demo.controller.DemoController.j()
2019-02-21 10:06:48.283 INFO 1 --- [ main] s.w.s.m.m.a.RequestMappingHandlerMapping : Mapped "{[/demo/n],methods=[GET]}" onto public java.lang.String lambda.demo.controller.DemoController.n()
2019-02-21 10:06:48.284 INFO 1 --- [ main] s.w.s.m.m.a.RequestMappingHandlerMapping : Mapped "{[/demo/v],methods=[GET]}" onto public java.lang.String lambda.demo.controller.DemoController.v()
2019-02-21 10:06:48.284 INFO 1 --- [ main] s.w.s.m.m.a.RequestMappingHandlerMapping : Mapped "{[/demo/k],methods=[GET]}" onto public java.lang.String lambda.demo.controller.DemoController.k()
2019-02-21 10:06:48.285 INFO 1 --- [ main] s.w.s.m.m.a.RequestMappingHandlerMapping : Mapped "{[/demo/h],methods=[GET]}" onto public java.lang.String lambda.demo.controller.DemoController.h()
2019-02-21 10:06:48.285 INFO 1 --- [ main] s.w.s.m.m.a.RequestMappingHandlerMapping : Mapped "{[/demo/s],methods=[GET]}" onto public java.lang.String lambda.demo.controller.DemoController.s()
2019-02-21 10:06:48.286 INFO 1 --- [ main] s.w.s.m.m.a.RequestMappingHandlerMapping : Mapped "{[/demo/x],methods=[GET]}" onto public java.lang.String lambda.demo.controller.DemoController.x()
2019-02-21 10:06:48.286 INFO 1 --- [ main] s.w.s.m.m.a.RequestMappingHandlerMapping : Mapped "{[/demo/l],methods=[GET]}" onto public java.lang.String lambda.demo.controller.DemoController.l()
2019-02-21 10:06:48.287 INFO 1 --- [ main] s.w.s.m.m.a.RequestMappingHandlerMapping : Mapped "{[/demo/b],methods=[GET]}" onto public java.lang.String lambda.demo.controller.DemoController.b()
2019-02-21 10:06:48.287 INFO 1 --- [ main] s.w.s.m.m.a.RequestMappingHandlerMapping : Mapped "{[/demo/f],methods=[GET]}" onto public java.lang.String lambda.demo.controller.DemoController.f()
2019-02-21 10:06:48.287 INFO 1 --- [ main] s.w.s.m.m.a.RequestMappingHandlerMapping : Mapped "{[/demo/d],methods=[GET]}" onto public java.lang.String lambda.demo.controller.DemoController.d()
2019-02-21 10:06:48.316 INFO 1 --- [ main] s.w.s.m.m.a.RequestMappingHandlerMapping : Mapped "{[/demo/e],methods=[GET]}" onto public java.lang.String lambda.demo.controller.DemoController.e()
2019-02-21 10:06:48.317 INFO 1 --- [ main] s.w.s.m.m.a.RequestMappingHandlerMapping : Mapped "{[/demo/m],methods=[GET]}" onto public java.lang.String lambda.demo.controller.DemoController.m()
2019-02-21 10:06:48.317 INFO 1 --- [ main] s.w.s.m.m.a.RequestMappingHandlerMapping : Mapped "{[/demo/o],methods=[GET]}" onto public java.lang.String lambda.demo.controller.DemoController.o()
2019-02-21 10:06:48.318 INFO 1 --- [ main] s.w.s.m.m.a.RequestMappingHandlerMapping : Mapped "{[/demo/t],methods=[GET]}" onto public java.lang.String lambda.demo.controller.DemoController.t()
2019-02-21 10:06:48.318 INFO 1 --- [ main] s.w.s.m.m.a.RequestMappingHandlerMapping : Mapped "{[/demo/g],methods=[GET]}" onto public java.lang.String lambda.demo.controller.DemoController.g()
2019-02-21 10:06:48.319 INFO 1 --- [ main] s.w.s.m.m.a.RequestMappingHandlerMapping : Mapped "{[/demo/p],methods=[GET]}" onto public java.lang.String lambda.demo.controller.DemoController.p()
2019-02-21 10:06:48.319 INFO 1 --- [ main] s.w.s.m.m.a.RequestMappingHandlerMapping : Mapped "{[/demo/a],methods=[GET]}" onto public java.lang.String lambda.demo.controller.DemoController.a()
2019-02-21 10:06:48.320 INFO 1 --- [ main] s.w.s.m.m.a.RequestMappingHandlerMapping : Mapped "{[/demo/r],methods=[GET]}" onto public java.lang.String lambda.demo.controller.DemoController.r()
2019-02-21 10:06:48.320 INFO 1 --- [ main] s.w.s.m.m.a.RequestMappingHandlerMapping : Mapped "{[/demo/q],methods=[GET]}" onto public java.lang.String lambda.demo.controller.DemoController.q()
2019-02-21 10:06:48.321 INFO 1 --- [ main] s.w.s.m.m.a.RequestMappingHandlerMapping : Mapped "{[/demo/z],methods=[GET]}" onto public java.lang.String lambda.demo.controller.DemoController.z()
2019-02-21 10:06:48.336 INFO 1 --- [ main] s.w.s.m.m.a.RequestMappingHandlerMapping : Mapped "{[/demo/w],methods=[GET]}" onto public java.lang.String lambda.demo.controller.DemoController.w()
2019-02-21 10:06:48.337 INFO 1 --- [ main] s.w.s.m.m.a.RequestMappingHandlerMapping : Mapped "{[/demo/y],methods=[GET]}" onto public java.lang.String lambda.demo.controller.DemoController.y()
2019-02-21 10:06:48.337 INFO 1 --- [ main] s.w.s.m.m.a.RequestMappingHandlerMapping : Mapped "{[/demo/vals],methods=[GET]}" onto public java.util.Set<java.lang.Integer> lambda.demo.controller.DemoController.vals()
2019-02-21 10:06:48.338 INFO 1 --- [ main] s.w.s.m.m.a.RequestMappingHandlerMapping : Mapped "{[/demo/u],methods=[GET]}" onto public java.lang.String lambda.demo.controller.DemoController.u()
2019-02-21 10:06:48.404 INFO 1 --- [ main] s.w.s.m.m.a.RequestMappingHandlerMapping : Mapped "{[/error]}" onto public org.springframework.http.ResponseEntity<java.util.Map<java.lang.String, java.lang.Object>> org.springframework.boot.autoconfigure.web.servlet.error.BasicErrorController.error(javax.servlet.http.HttpServletRequest)
2019-02-21 10:06:48.405 INFO 1 --- [ main] s.w.s.m.m.a.RequestMappingHandlerMapping : Mapped "{[/error],produces=[text/html]}" onto public org.springframework.web.servlet.ModelAndView org.springframework.boot.autoconfigure.web.servlet.error.BasicErrorController.errorHtml(javax.servlet.http.HttpServletRequest,javax.servlet.http.HttpServletResponse)
2019-02-21 10:06:48.485 INFO 1 --- [ main] o.s.w.s.handler.SimpleUrlHandlerMapping : Mapped URL path [/webjars/**] onto handler of type [class org.springframework.web.servlet.resource.ResourceHttpRequestHandler]
2019-02-21 10:06:48.485 INFO 1 --- [ main] o.s.w.s.handler.SimpleUrlHandlerMapping : Mapped URL path [/**] onto handler of type [class org.springframework.web.servlet.resource.ResourceHttpRequestHandler]
2019-02-21 10:06:49.300 INFO 1 --- [ main] s.w.s.m.m.a.RequestMappingHandlerAdapter : Looking for @ControllerAdvice: org.springframework.boot.web.servlet.context.AnnotationConfigServletWebServerApplicationContext@273444fe: startup date [Thu Feb 21 10:06:45 UTC 2019]; root of context hierarchy
2019-02-21 10:06:49.487 INFO 1 --- [ main] o.s.web.servlet.DispatcherServlet : FrameworkServlet 'dispatcherServlet': initialization completed in 1690 ms
2019-02-21 10:06:49.518 INFO 1 --- [ main] o.s.b.w.servlet.FilterRegistrationBean : Mapping filter: 'characterEncodingFilter' to: [/*]
2019-02-21 10:06:49.519 INFO 1 --- [ main] o.s.b.w.servlet.FilterRegistrationBean : Mapping filter: 'errorPageFilter' to: [/*]
2019-02-21 10:06:49.519 INFO 1 --- [ main] o.s.b.w.servlet.FilterRegistrationBean : Mapping filter: 'hiddenHttpMethodFilter' to: [/*]
2019-02-21 10:06:49.519 INFO 1 --- [ main] o.s.b.w.servlet.FilterRegistrationBean : Mapping filter: 'httpPutFormContentFilter' to: [/*]
2019-02-21 10:06:49.519 INFO 1 --- [ main] o.s.b.w.servlet.FilterRegistrationBean : Mapping filter: 'requestContextFilter' to: [/*]
START RequestId: 67ab949a-cbc2-40cc-a7ad-100adb709620 Version: $LATEST
10:06:53.600 [main] INFO lambda.demo.DemoStreamLambdaHandler - start with profile: profileA
10:06:54.259 [main] INFO com.amazonaws.serverless.proxy.internal.LambdaContainerHandler - Starting Lambda Container Handler
10:06:54.661 [main] INFO com.amazonaws.serverless.proxy.internal.servlet.AwsServletContext - 1 Spring WebApplicationInitializers detected on classpath

. ____ _ __ _ _
/\\ / ___'_ __ _ _(_)_ __ __ _ \ \ \ \
( ( )\___ | '_ | '_| | '_ \/ _` | \ \ \ \
\\/ ___)| |_)| | | | | || (_| | ) ) ) )
' |____| .__|_| |_|_| |_\__, | / / / /
=========|_|==============|___/=/_/_/_/
:: Spring Boot :: (v2.0.6.RELEASE)

2019-02-21 10:06:56.698 INFO 1 --- [ main] lambda.demo.DemoApp : Starting DemoApp on ip-10-129-163-78.ap-southeast-1.compute.internal with PID 1 (/var/task started by sbx_user1074 in /)
2019-02-21 10:06:56.699 INFO 1 --- [ main] lambda.demo.DemoApp : The following profiles are active: profileA
2019-02-21 10:06:56.840 INFO 1 --- [ main] ConfigServletWebServerApplicationContext : Refreshing org.springframework.boot.web.servlet.context.AnnotationConfigServletWebServerApplicationContext@52f27fbd: startup date [Thu Feb 21 10:06:56 UTC 2019]; root of context hierarchy
2019-02-21 10:06:59.863 INFO 1 --- [ main] c.a.s.p.i.servlet.AwsServletContext : Initializing Spring embedded WebApplicationContext
2019-02-21 10:06:59.864 INFO 1 --- [ main] o.s.web.context.ContextLoader : Root WebApplicationContext: initialization completed in 3027 ms
2019-02-21 10:07:00.700 INFO 1 --- [ main] o.s.b.w.servlet.ServletRegistrationBean : Servlet dispatcherServlet mapped to [/]
2019-02-21 10:07:00.702 INFO 1 --- [ main] c.a.s.p.i.servlet.AwsServletContext : Initializing Spring FrameworkServlet 'dispatcherServlet'
2019-02-21 10:07:00.702 INFO 1 --- [ main] o.s.web.servlet.DispatcherServlet : FrameworkServlet 'dispatcherServlet': initialization started
2019-02-21 10:07:00.943 INFO 1 --- [ main] o.s.w.s.handler.SimpleUrlHandlerMapping : Mapped URL path [/**/favicon.ico] onto handler of type [class org.springframework.web.servlet.resource.ResourceHttpRequestHandler]
2019-02-21 10:07:01.578 INFO 1 --- [ main] s.w.s.m.m.a.RequestMappingHandlerMapping : Mapped "{[/demo/c],methods=[GET]}" onto public java.lang.String lambda.demo.controller.DemoController.c()
2019-02-21 10:07:01.579 INFO 1 --- [ main] s.w.s.m.m.a.RequestMappingHandlerMapping : Mapped "{[/demo/i],methods=[GET]}" onto public java.lang.String lambda.demo.controller.DemoController.i()
2019-02-21 10:07:01.580 INFO 1 --- [ main] s.w.s.m.m.a.RequestMappingHandlerMapping : Mapped "{[/demo/j],methods=[GET]}" onto public java.lang.String lambda.demo.controller.DemoController.j()
2019-02-21 10:07:01.580 INFO 1 --- [ main] s.w.s.m.m.a.RequestMappingHandlerMapping : Mapped "{[/demo/n],methods=[GET]}" onto public java.lang.String lambda.demo.controller.DemoController.n()
2019-02-21 10:07:01.581 INFO 1 --- [ main] s.w.s.m.m.a.RequestMappingHandlerMapping : Mapped "{[/demo/v],methods=[GET]}" onto public java.lang.String lambda.demo.controller.DemoController.v()
2019-02-21 10:07:01.581 INFO 1 --- [ main] s.w.s.m.m.a.RequestMappingHandlerMapping : Mapped "{[/demo/k],methods=[GET]}" onto public java.lang.String lambda.demo.controller.DemoController.k()
2019-02-21 10:07:01.582 INFO 1 --- [ main] s.w.s.m.m.a.RequestMappingHandlerMapping : Mapped "{[/demo/h],methods=[GET]}" onto public java.lang.String lambda.demo.controller.DemoController.h()
2019-02-21 10:07:01.582 INFO 1 --- [ main] s.w.s.m.m.a.RequestMappingHandlerMapping : Mapped "{[/demo/s],methods=[GET]}" onto public java.lang.String lambda.demo.controller.DemoController.s()
2019-02-21 10:07:01.582 INFO 1 --- [ main] s.w.s.m.m.a.RequestMappingHandlerMapping : Mapped "{[/demo/x],methods=[GET]}" onto public java.lang.String lambda.demo.controller.DemoController.x()
2019-02-21 10:07:01.583 INFO 1 --- [ main] s.w.s.m.m.a.RequestMappingHandlerMapping : Mapped "{[/demo/l],methods=[GET]}" onto public java.lang.String lambda.demo.controller.DemoController.l()
2019-02-21 10:07:01.583 INFO 1 --- [ main] s.w.s.m.m.a.RequestMappingHandlerMapping : Mapped "{[/demo/b],methods=[GET]}" onto public java.lang.String lambda.demo.controller.DemoController.b()
2019-02-21 10:07:01.596 INFO 1 --- [ main] s.w.s.m.m.a.RequestMappingHandlerMapping : Mapped "{[/demo/f],methods=[GET]}" onto public java.lang.String lambda.demo.controller.DemoController.f()
2019-02-21 10:07:01.597 INFO 1 --- [ main] s.w.s.m.m.a.RequestMappingHandlerMapping : Mapped "{[/demo/d],methods=[GET]}" onto public java.lang.String lambda.demo.controller.DemoController.d()
2019-02-21 10:07:01.597 INFO 1 --- [ main] s.w.s.m.m.a.RequestMappingHandlerMapping : Mapped "{[/demo/e],methods=[GET]}" onto public java.lang.String lambda.demo.controller.DemoController.e()
2019-02-21 10:07:01.598 INFO 1 --- [ main] s.w.s.m.m.a.RequestMappingHandlerMapping : Mapped "{[/demo/m],methods=[GET]}" onto public java.lang.String lambda.demo.controller.DemoController.m()
2019-02-21 10:07:01.598 INFO 1 --- [ main] s.w.s.m.m.a.RequestMappingHandlerMapping : Mapped "{[/demo/o],methods=[GET]}" onto public java.lang.String lambda.demo.controller.DemoController.o()
2019-02-21 10:07:01.598 INFO 1 --- [ main] s.w.s.m.m.a.RequestMappingHandlerMapping : Mapped "{[/demo/t],methods=[GET]}" onto public java.lang.String lambda.demo.controller.DemoController.t()
2019-02-21 10:07:01.599 INFO 1 --- [ main] s.w.s.m.m.a.RequestMappingHandlerMapping : Mapped "{[/demo/g],methods=[GET]}" onto public java.lang.String lambda.demo.controller.DemoController.g()
2019-02-21 10:07:01.599 INFO 1 --- [ main] s.w.s.m.m.a.RequestMappingHandlerMapping : Mapped "{[/demo/p],methods=[GET]}" onto public java.lang.String lambda.demo.controller.DemoController.p()
2019-02-21 10:07:01.600 INFO 1 --- [ main] s.w.s.m.m.a.RequestMappingHandlerMapping : Mapped "{[/demo/a],methods=[GET]}" onto public java.lang.String lambda.demo.controller.DemoController.a()
2019-02-21 10:07:01.600 INFO 1 --- [ main] s.w.s.m.m.a.RequestMappingHandlerMapping : Mapped "{[/demo/r],methods=[GET]}" onto public java.lang.String lambda.demo.controller.DemoController.r()
2019-02-21 10:07:01.601 INFO 1 --- [ main] s.w.s.m.m.a.RequestMappingHandlerMapping : Mapped "{[/demo/q],methods=[GET]}" onto public java.lang.String lambda.demo.controller.DemoController.q()
2019-02-21 10:07:01.601 INFO 1 --- [ main] s.w.s.m.m.a.RequestMappingHandlerMapping : Mapped "{[/demo/z],methods=[GET]}" onto public java.lang.String lambda.demo.controller.DemoController.z()
2019-02-21 10:07:01.601 INFO 1 --- [ main] s.w.s.m.m.a.RequestMappingHandlerMapping : Mapped "{[/demo/w],methods=[GET]}" onto public java.lang.String lambda.demo.controller.DemoController.w()
2019-02-21 10:07:01.602 INFO 1 --- [ main] s.w.s.m.m.a.RequestMappingHandlerMapping : Mapped "{[/demo/y],methods=[GET]}" onto public java.lang.String lambda.demo.controller.DemoController.y()
2019-02-21 10:07:01.602 INFO 1 --- [ main] s.w.s.m.m.a.RequestMappingHandlerMapping : Mapped "{[/demo/vals],methods=[GET]}" onto public java.util.Set<java.lang.Integer> lambda.demo.controller.DemoController.vals()
2019-02-21 10:07:01.603 INFO 1 --- [ main] s.w.s.m.m.a.RequestMappingHandlerMapping : Mapped "{[/demo/u],methods=[GET]}" onto public java.lang.String lambda.demo.controller.DemoController.u()
2019-02-21 10:07:01.642 INFO 1 --- [ main] s.w.s.m.m.a.RequestMappingHandlerMapping : Mapped "{[/error]}" onto public org.springframework.http.ResponseEntity<java.util.Map<java.lang.String, java.lang.Object>> org.springframework.boot.autoconfigure.web.servlet.error.BasicErrorController.error(javax.servlet.http.HttpServletRequest)
2019-02-21 10:07:01.643 INFO 1 --- [ main] s.w.s.m.m.a.RequestMappingHandlerMapping : Mapped "{[/error],produces=[text/html]}" onto public org.springframework.web.servlet.ModelAndView org.springframework.boot.autoconfigure.web.servlet.error.BasicErrorController.errorHtml(javax.servlet.http.HttpServletRequest,javax.servlet.http.HttpServletResponse)
2019-02-21 10:07:01.817 INFO 1 --- [ main] o.s.w.s.handler.SimpleUrlHandlerMapping : Mapped URL path [/webjars/**] onto handler of type [class org.springframework.web.servlet.resource.ResourceHttpRequestHandler]
2019-02-21 10:07:01.817 INFO 1 --- [ main] o.s.w.s.handler.SimpleUrlHandlerMapping : Mapped URL path [/**] onto handler of type [class org.springframework.web.servlet.resource.ResourceHttpRequestHandler]
2019-02-21 10:07:03.101 INFO 1 --- [ main] s.w.s.m.m.a.RequestMappingHandlerAdapter : Looking for @ControllerAdvice: org.springframework.boot.web.servlet.context.AnnotationConfigServletWebServerApplicationContext@52f27fbd: startup date [Thu Feb 21 10:06:56 UTC 2019]; root of context hierarchy
2019-02-21 10:07:03.436 INFO 1 --- [ main] o.s.web.servlet.DispatcherServlet : FrameworkServlet 'dispatcherServlet': initialization completed in 2734 ms
2019-02-21 10:07:03.456 INFO 1 --- [ main] o.s.b.w.servlet.FilterRegistrationBean : Mapping filter: 'characterEncodingFilter' to: [/*]
2019-02-21 10:07:03.456 INFO 1 --- [ main] o.s.b.w.servlet.FilterRegistrationBean : Mapping filter: 'errorPageFilter' to: [/*]
2019-02-21 10:07:03.456 INFO 1 --- [ main] o.s.b.w.servlet.FilterRegistrationBean : Mapping filter: 'hiddenHttpMethodFilter' to: [/*]
2019-02-21 10:07:03.457 INFO 1 --- [ main] o.s.b.w.servlet.FilterRegistrationBean : Mapping filter: 'httpPutFormContentFilter' to: [/*]
2019-02-21 10:07:03.457 INFO 1 --- [ main] o.s.b.w.servlet.FilterRegistrationBean : Mapping filter: 'requestContextFilter' to: [/*]
2019-02-21 10:08:49.918 INFO 1 --- [ main] o.s.j.e.a.AnnotationMBeanExporter : Registering beans for JMX exposure on startup
2019-02-21 10:08:50.079 INFO 1 --- [ main] lambda.demo.DemoApp : Started DemoApp in 114.919 seconds (JVM running for 116.982)
2019-02-21 10:08:50.179 ERROR 1 --- [ main] c.a.s.p.i.s.AwsProxyHttpServletRequest : Called set character encoding to UTF-8 on a request without a content type. Character encoding will not be set
2019-02-21 10:08:50.676 INFO 1 --- [ main] c.a.s.p.internal.LambdaContainerHandler : 118.201.58.126 - [21/02/2019:10:06:42Z] "GET /demo/c HTTP/1.1" 200 5 "-" "Amazon CloudFront" combined
END RequestId: 67ab949a-cbc2-40cc-a7ad-100adb709620
REPORT RequestId: 67ab949a-cbc2-40cc-a7ad-100adb709620	Duration: 117457.46 ms	Billed Duration: 117500 ms Memory Size: 1024 MB	Max Memory Used: 508 MB